ARM GAS  C:\Users\GJL~1.CYS\AppData\Local\Temp\cc7h6ugw.s 			page 1


   1              		.syntax unified
   2              		.cpu cortex-m0
   3              		.fpu softvfp
   4              		.eabi_attribute 20, 1
   5              		.eabi_attribute 21, 1
   6              		.eabi_attribute 23, 3
   7              		.eabi_attribute 24, 1
   8              		.eabi_attribute 25, 1
   9              		.eabi_attribute 26, 1
  10              		.eabi_attribute 30, 1
  11              		.eabi_attribute 34, 0
  12              		.eabi_attribute 18, 4
  13              		.thumb
  14              		.syntax unified
  15              		.file	"main.c"
  16              		.text
  17              	.Ltext0:
  18              		.cfi_sections	.debug_frame
  19              		.section	.text.RX_interrupt,"ax",%progbits
  20              		.align	2
  21              		.global	RX_interrupt
  22              		.code	16
  23              		.thumb_func
  24              		.type	RX_interrupt, %function
  25              	RX_interrupt:
  26              	.LFB37:
  27              		.file 1 "main.c"
   1:main.c        **** /* ========================================
   2:main.c        ****  *
   3:main.c        ****  * EX2_String
   4:main.c        ****  *
   5:main.c        ****  * A simple function to cycle the color table
   6:main.c        ****  * through the string.
   7:main.c        ****  *
   8:main.c        ****  * ========================================
   9:main.c        **** */
  10:main.c        **** #include "project.h"
  11:main.c        **** 
  12:main.c        **** typedef enum{
  13:main.c        ****     RX_WAITING,
  14:main.c        ****     RX_CMD_RCVD
  15:main.c        **** }RX_STATUS_T;
  16:main.c        **** 
  17:main.c        **** typedef struct{
  18:main.c        ****     uint8_t red;
  19:main.c        ****     uint8_t blue;
  20:main.c        ****     uint8_t green;
  21:main.c        ****     uint8_t none;
  22:main.c        **** }COLOR_STRUCT_T;
  23:main.c        **** 
  24:main.c        **** typedef union{
  25:main.c        ****     COLOR_STRUCT_T bytes;
  26:main.c        ****     uint32_t word;
  27:main.c        **** }COLOR_T;
  28:main.c        **** 
  29:main.c        **** //#define SLOW_BLEND_TEST
  30:main.c        **** 
ARM GAS  C:\Users\GJL~1.CYS\AppData\Local\Temp\cc7h6ugw.s 			page 2


  31:main.c        **** 
  32:main.c        **** #define RX_BUFFER_SIZE  64
  33:main.c        **** 
  34:main.c        **** #define NUM_LEDS_STRIP 144
  35:main.c        **** #define NUM_LEDS_100PERCENT 100
  36:main.c        **** 
  37:main.c        **** RX_STATUS_T rxStatus = RX_WAITING;
  38:main.c        **** uint8_t incomingbytes[RX_BUFFER_SIZE];
  39:main.c        **** uint8_t incomingCmd[RX_BUFFER_SIZE];
  40:main.c        **** 
  41:main.c        **** //extern uint32  StripLights_ledArray[StripLights_ROWS][StripLights_COLUMNS];
  42:main.c        **** 
  43:main.c        **** 
  44:main.c        **** void SlowColorBlend(uint32 delay, uint32 time);
  45:main.c        **** CY_ISR_PROTO(RX_interrupt);
  46:main.c        **** void readLEDcommand(void);
  47:main.c        **** 
  48:main.c        **** 
  49:main.c        **** int main(void)
  50:main.c        **** {
  51:main.c        ****     CyGlobalIntEnable; /* Enable global interrupts. */
  52:main.c        ****     StripLights_Start();
  53:main.c        ****     
  54:main.c        ****        
  55:main.c        ****     isr_UART_RX_StartEx(RX_interrupt);
  56:main.c        ****     UART_DEB_Start();       //debug serial start for development mode
  57:main.c        **** 
  58:main.c        **** 
  59:main.c        ****     /* Place your initialization/startup code here (e.g. MyInst_Start()) */
  60:main.c        **** 
  61:main.c        **** //    incomingCmd[0] = 'L';
  62:main.c        **** //    incomingCmd[1] = 0x30;
  63:main.c        **** //    incomingCmd[2] = 0x00;
  64:main.c        **** //    incomingCmd[3] = 0x00;
  65:main.c        **** //    incomingCmd[4] = 0xFF;
  66:main.c        **** //    incomingCmd[5] = 'R';
  67:main.c        **** //    incomingCmd[6] = 0x00;
  68:main.c        **** //    
  69:main.c        **** //    readLEDcommand();
  70:main.c        ****     
  71:main.c        ****     
  72:main.c        ****    #ifdef SLOW_BLEND_TEST
  73:main.c        ****         SlowColorBlend(5, 5);
  74:main.c        ****    #endif
  75:main.c        ****     
  76:main.c        ****     
  77:main.c        ****     while(1)
  78:main.c        ****     {
  79:main.c        ****         if(rxStatus == RX_CMD_RCVD)
  80:main.c        ****         {
  81:main.c        ****             readLEDcommand();
  82:main.c        ****         }
  83:main.c        ****         //SlowColorBlend(0, 10000);
  84:main.c        ****        while( StripLights_Ready() == 0);
  85:main.c        ****        StripLights_Trigger(1);
  86:main.c        ****        CyDelay(100);
  87:main.c        ****     }
ARM GAS  C:\Users\GJL~1.CYS\AppData\Local\Temp\cc7h6ugw.s 			page 3


  88:main.c        **** }
  89:main.c        **** 
  90:main.c        **** 
  91:main.c        **** void readLEDcommand(void)
  92:main.c        **** {
  93:main.c        ****     COLOR_T leftColor;
  94:main.c        ****     COLOR_T rightColor;
  95:main.c        ****     uint8_t index;
  96:main.c        ****     uint8_t level;
  97:main.c        ****     
  98:main.c        ****     rxStatus = RX_WAITING;
  99:main.c        ****     if(incomingCmd[0] == 'L' && incomingCmd[5] == 'R')
 100:main.c        ****     {
 101:main.c        ****         leftColor.bytes.none = 0x00;
 102:main.c        ****         leftColor.bytes.red = incomingCmd[2];
 103:main.c        ****         leftColor.bytes.green = incomingCmd[3];
 104:main.c        ****         leftColor.bytes.blue = incomingCmd[4];
 105:main.c        ****         
 106:main.c        ****         level = (incomingCmd[1] * NUM_LEDS_STRIP)/100;
 107:main.c        ****         
 108:main.c        ****         for(index = 0; index < NUM_LEDS_STRIP; index++)
 109:main.c        ****         {
 110:main.c        ****             //StripLights_ledArray[0][index] = leftColor;
 111:main.c        ****             if(index < level)
 112:main.c        ****             {
 113:main.c        ****                 StripLights_Pixel(index, 0, leftColor.word);
 114:main.c        ****             }
 115:main.c        ****             else
 116:main.c        ****             {
 117:main.c        ****                 StripLights_Pixel(index, 0, 0x00000000);
 118:main.c        ****             }
 119:main.c        ****         }
 120:main.c        **** 
 121:main.c        ****         rightColor.bytes.none = 0x00;
 122:main.c        ****         rightColor.bytes.red = incomingCmd[7];
 123:main.c        ****         rightColor.bytes.green = incomingCmd[8];
 124:main.c        ****         rightColor.bytes.blue = incomingCmd[9];
 125:main.c        ****                 
 126:main.c        ****         level = (incomingCmd[6] * NUM_LEDS_STRIP)/100;
 127:main.c        ****         for(index = 0; index < NUM_LEDS_STRIP; index++)
 128:main.c        ****         {
 129:main.c        ****             //StripLights_ledArray[0][index] = leftColor;
 130:main.c        ****             if(index < level)
 131:main.c        ****             {
 132:main.c        ****                 StripLights_Pixel(index, 1, rightColor.word);
 133:main.c        ****             }
 134:main.c        ****             else
 135:main.c        ****             {
 136:main.c        ****                 StripLights_Pixel(index, 1, 0x00000000);
 137:main.c        ****             }
 138:main.c        ****         }
 139:main.c        ****                         
 140:main.c        ****         StripLights_Trigger(1);        
 141:main.c        ****     }
 142:main.c        **** }
 143:main.c        **** 
 144:main.c        **** 
ARM GAS  C:\Users\GJL~1.CYS\AppData\Local\Temp\cc7h6ugw.s 			page 4


 145:main.c        **** 
 146:main.c        **** 
 147:main.c        **** //debug serial port receive interrupt
 148:main.c        **** CY_ISR(RX_interrupt)
 149:main.c        **** {    
  28              		.loc 1 149 0
  29              		.cfi_startproc
  30              		@ args = 0, pretend = 0, frame = 0
  31              		@ frame_needed = 0, uses_anonymous_args = 0
  32 0000 10B5     		push	{r4, lr}
  33              		.cfi_def_cfa_offset 8
  34              		.cfi_offset 4, -8
  35              		.cfi_offset 14, -4
 150:main.c        ****     static uint8 RXincomingptr = 0;
 151:main.c        ****     uint8 RXbyte;
 152:main.c        ****     uint32 mask;
 153:main.c        ****     uint32 cause = UART_DEB_GetRxInterruptSourceMasked();
  36              		.loc 1 153 0
  37 0002 144B     		ldr	r3, .L6
  38 0004 1B68     		ldr	r3, [r3]
  39              	.LVL0:
 154:main.c        ****     //cause = UART_DEB_GetInterruptCause();
 155:main.c        ****     
 156:main.c        ****     mask = UART_DEB_INTR_RX_OVERFLOW;
 157:main.c        ****     if(cause & mask)
  40              		.loc 1 157 0
  41 0006 9A06     		lsls	r2, r3, #26
  42 0008 02D5     		bpl	.L2
 158:main.c        ****     {
 159:main.c        ****         UART_DEB_ClearRxInterruptSource(UART_DEB_INTR_RX_OVERFLOW);
  43              		.loc 1 159 0
  44 000a 2021     		movs	r1, #32
  45 000c 124A     		ldr	r2, .L6+4
  46 000e 1160     		str	r1, [r2]
  47              	.L2:
  48              	.LVL1:
 160:main.c        ****         //UARTrxoverflow = UART_RX_FIFO_OVERFLOW;
 161:main.c        ****     }
 162:main.c        ****     
 163:main.c        ****     mask = UART_DEB_INTR_RX_NOT_EMPTY;
 164:main.c        ****     if(cause & mask)    
  49              		.loc 1 164 0
  50 0010 5B07     		lsls	r3, r3, #29
  51 0012 1DD5     		bpl	.L1
  52              	.LVL2:
 165:main.c        ****     {
 166:main.c        ****         RXbyte = UART_DEB_UartGetByte();
  53              		.loc 1 166 0
  54 0014 FFF7FEFF 		bl	UART_DEB_UartGetByte
  55              	.LVL3:
  56 0018 C0B2     		uxtb	r0, r0
  57              	.LVL4:
 167:main.c        ****         incomingbytes[RXincomingptr] = RXbyte;
  58              		.loc 1 167 0
  59 001a 104B     		ldr	r3, .L6+8
  60 001c 1A78     		ldrb	r2, [r3]
  61 001e 104B     		ldr	r3, .L6+12
ARM GAS  C:\Users\GJL~1.CYS\AppData\Local\Temp\cc7h6ugw.s 			page 5


  62 0020 9854     		strb	r0, [r3, r2]
 168:main.c        ****         if(RXbyte == 0x0D)
  63              		.loc 1 168 0
  64 0022 0D28     		cmp	r0, #13
  65 0024 09D1     		bne	.L4
 169:main.c        ****         {
 170:main.c        ****             rxStatus = RX_CMD_RCVD;
  66              		.loc 1 170 0
  67 0026 0D4C     		ldr	r4, .L6+8
  68 0028 0123     		movs	r3, #1
  69 002a 6370     		strb	r3, [r4, #1]
 171:main.c        ****             memcpy(incomingCmd, incomingbytes, RXincomingptr);
  70              		.loc 1 171 0
  71 002c 0C49     		ldr	r1, .L6+12
  72 002e 0D48     		ldr	r0, .L6+16
  73              	.LVL5:
  74 0030 FFF7FEFF 		bl	memcpy
  75              	.LVL6:
 172:main.c        ****             RXincomingptr = 0;
  76              		.loc 1 172 0
  77 0034 0023     		movs	r3, #0
  78 0036 2370     		strb	r3, [r4]
  79 0038 07E0     		b	.L5
  80              	.LVL7:
  81              	.L4:
 173:main.c        ****         }
 174:main.c        ****         else
 175:main.c        ****         {
 176:main.c        ****             RXincomingptr++;
  82              		.loc 1 176 0
  83 003a 0132     		adds	r2, r2, #1
  84 003c D2B2     		uxtb	r2, r2
  85 003e 074B     		ldr	r3, .L6+8
  86 0040 1A70     		strb	r2, [r3]
 177:main.c        ****             if(RXincomingptr == RX_BUFFER_SIZE) RXincomingptr = 0;
  87              		.loc 1 177 0
  88 0042 402A     		cmp	r2, #64
  89 0044 01D1     		bne	.L5
  90              		.loc 1 177 0 is_stmt 0 discriminator 1
  91 0046 0022     		movs	r2, #0
  92 0048 1A70     		strb	r2, [r3]
  93              	.LVL8:
  94              	.L5:
 178:main.c        ****         }
 179:main.c        ****         UART_DEB_ClearRxInterruptSource(UART_DEB_INTR_RX_NOT_EMPTY);
  95              		.loc 1 179 0 is_stmt 1
  96 004a 0422     		movs	r2, #4
  97 004c 024B     		ldr	r3, .L6+4
  98 004e 1A60     		str	r2, [r3]
  99              	.L1:
 180:main.c        ****     }
 181:main.c        ****     
 182:main.c        ****     //UART_DEB_ClearRxInterruptSource(UART_DEB_GetRxInterruptSource());
 183:main.c        **** }
 100              		.loc 1 183 0
 101              		@ sp needed
 102 0050 10BD     		pop	{r4, pc}
ARM GAS  C:\Users\GJL~1.CYS\AppData\Local\Temp\cc7h6ugw.s 			page 6


 103              	.L7:
 104 0052 C046     		.align	2
 105              	.L6:
 106 0054 CC0F2440 		.word	1076105164
 107 0058 C00F2440 		.word	1076105152
 108 005c 00000000 		.word	.LANCHOR0
 109 0060 00000000 		.word	incomingbytes
 110 0064 00000000 		.word	incomingCmd
 111              		.cfi_endproc
 112              	.LFE37:
 113              		.size	RX_interrupt, .-RX_interrupt
 114              		.global	__aeabi_idiv
 115              		.section	.text.readLEDcommand,"ax",%progbits
 116              		.align	2
 117              		.global	readLEDcommand
 118              		.code	16
 119              		.thumb_func
 120              		.type	readLEDcommand, %function
 121              	readLEDcommand:
 122              	.LFB36:
  92:main.c        ****     COLOR_T leftColor;
 123              		.loc 1 92 0
 124              		.cfi_startproc
 125              		@ args = 0, pretend = 0, frame = 0
 126              		@ frame_needed = 0, uses_anonymous_args = 0
 127 0000 70B5     		push	{r4, r5, r6, lr}
 128              		.cfi_def_cfa_offset 16
 129              		.cfi_offset 4, -16
 130              		.cfi_offset 5, -12
 131              		.cfi_offset 6, -8
 132              		.cfi_offset 14, -4
  98:main.c        ****     if(incomingCmd[0] == 'L' && incomingCmd[5] == 'R')
 133              		.loc 1 98 0
 134 0002 0022     		movs	r2, #0
 135 0004 294B     		ldr	r3, .L18
 136 0006 5A70     		strb	r2, [r3, #1]
  99:main.c        ****     {
 137              		.loc 1 99 0
 138 0008 294B     		ldr	r3, .L18+4
 139 000a 1B78     		ldrb	r3, [r3]
 140 000c 4C2B     		cmp	r3, #76
 141 000e 4CD1     		bne	.L8
  99:main.c        ****     {
 142              		.loc 1 99 0 is_stmt 0 discriminator 1
 143 0010 274B     		ldr	r3, .L18+4
 144 0012 5B79     		ldrb	r3, [r3, #5]
 145 0014 522B     		cmp	r3, #82
 146 0016 48D1     		bne	.L8
 102:main.c        ****         leftColor.bytes.green = incomingCmd[3];
 147              		.loc 1 102 0 is_stmt 1
 148 0018 254A     		ldr	r2, .L18+4
 103:main.c        ****         leftColor.bytes.blue = incomingCmd[4];
 149              		.loc 1 103 0
 150 001a D678     		ldrb	r6, [r2, #3]
 151 001c 3304     		lsls	r3, r6, #16
 152 001e 9678     		ldrb	r6, [r2, #2]
 104:main.c        ****         
ARM GAS  C:\Users\GJL~1.CYS\AppData\Local\Temp\cc7h6ugw.s 			page 7


 153              		.loc 1 104 0
 154 0020 1179     		ldrb	r1, [r2, #4]
 155 0022 0902     		lsls	r1, r1, #8
 156 0024 1E43     		orrs	r6, r3
 157 0026 0E43     		orrs	r6, r1
 158              	.LVL9:
 106:main.c        ****         
 159              		.loc 1 106 0
 160 0028 5378     		ldrb	r3, [r2, #1]
 161 002a D800     		lsls	r0, r3, #3
 162 002c C018     		adds	r0, r0, r3
 163 002e 0001     		lsls	r0, r0, #4
 164 0030 6421     		movs	r1, #100
 165 0032 FFF7FEFF 		bl	__aeabi_idiv
 166              	.LVL10:
 167 0036 C5B2     		uxtb	r5, r0
 168              	.LVL11:
 108:main.c        ****         {
 169              		.loc 1 108 0
 170 0038 0024     		movs	r4, #0
 171 003a 0EE0     		b	.L10
 172              	.LVL12:
 173              	.L13:
 111:main.c        ****             {
 174              		.loc 1 111 0
 175 003c AC42     		cmp	r4, r5
 176 003e 05D2     		bcs	.L11
 113:main.c        ****             }
 177              		.loc 1 113 0
 178 0040 3200     		movs	r2, r6
 179 0042 0021     		movs	r1, #0
 180 0044 2000     		movs	r0, r4
 181 0046 FFF7FEFF 		bl	StripLights_Pixel
 182              	.LVL13:
 183 004a 04E0     		b	.L12
 184              	.L11:
 117:main.c        ****             }
 185              		.loc 1 117 0
 186 004c 0022     		movs	r2, #0
 187 004e 0021     		movs	r1, #0
 188 0050 2000     		movs	r0, r4
 189 0052 FFF7FEFF 		bl	StripLights_Pixel
 190              	.LVL14:
 191              	.L12:
 108:main.c        ****         {
 192              		.loc 1 108 0 discriminator 2
 193 0056 0134     		adds	r4, r4, #1
 194              	.LVL15:
 195 0058 E4B2     		uxtb	r4, r4
 196              	.LVL16:
 197              	.L10:
 108:main.c        ****         {
 198              		.loc 1 108 0 is_stmt 0 discriminator 1
 199 005a 8F2C     		cmp	r4, #143
 200 005c EED9     		bls	.L13
 122:main.c        ****         rightColor.bytes.green = incomingCmd[8];
 201              		.loc 1 122 0 is_stmt 1
ARM GAS  C:\Users\GJL~1.CYS\AppData\Local\Temp\cc7h6ugw.s 			page 8


 202 005e 144A     		ldr	r2, .L18+4
 123:main.c        ****         rightColor.bytes.blue = incomingCmd[9];
 203              		.loc 1 123 0
 204 0060 167A     		ldrb	r6, [r2, #8]
 205              	.LVL17:
 206 0062 3304     		lsls	r3, r6, #16
 207 0064 D679     		ldrb	r6, [r2, #7]
 124:main.c        ****                 
 208              		.loc 1 124 0
 209 0066 517A     		ldrb	r1, [r2, #9]
 210 0068 0902     		lsls	r1, r1, #8
 211 006a 1E43     		orrs	r6, r3
 212 006c 0E43     		orrs	r6, r1
 213              	.LVL18:
 126:main.c        ****         for(index = 0; index < NUM_LEDS_STRIP; index++)
 214              		.loc 1 126 0
 215 006e 9379     		ldrb	r3, [r2, #6]
 216 0070 D800     		lsls	r0, r3, #3
 217 0072 C018     		adds	r0, r0, r3
 218 0074 0001     		lsls	r0, r0, #4
 219 0076 6421     		movs	r1, #100
 220 0078 FFF7FEFF 		bl	__aeabi_idiv
 221              	.LVL19:
 222 007c C5B2     		uxtb	r5, r0
 223              	.LVL20:
 127:main.c        ****         {
 224              		.loc 1 127 0
 225 007e 0024     		movs	r4, #0
 226 0080 0EE0     		b	.L14
 227              	.LVL21:
 228              	.L17:
 130:main.c        ****             {
 229              		.loc 1 130 0
 230 0082 AC42     		cmp	r4, r5
 231 0084 05D2     		bcs	.L15
 132:main.c        ****             }
 232              		.loc 1 132 0
 233 0086 3200     		movs	r2, r6
 234 0088 0121     		movs	r1, #1
 235 008a 2000     		movs	r0, r4
 236 008c FFF7FEFF 		bl	StripLights_Pixel
 237              	.LVL22:
 238 0090 04E0     		b	.L16
 239              	.L15:
 136:main.c        ****             }
 240              		.loc 1 136 0
 241 0092 0022     		movs	r2, #0
 242 0094 0121     		movs	r1, #1
 243 0096 2000     		movs	r0, r4
 244 0098 FFF7FEFF 		bl	StripLights_Pixel
 245              	.LVL23:
 246              	.L16:
 127:main.c        ****         {
 247              		.loc 1 127 0 discriminator 2
 248 009c 0134     		adds	r4, r4, #1
 249              	.LVL24:
 250 009e E4B2     		uxtb	r4, r4
ARM GAS  C:\Users\GJL~1.CYS\AppData\Local\Temp\cc7h6ugw.s 			page 9


 251              	.LVL25:
 252              	.L14:
 127:main.c        ****         {
 253              		.loc 1 127 0 is_stmt 0 discriminator 1
 254 00a0 8F2C     		cmp	r4, #143
 255 00a2 EED9     		bls	.L17
 140:main.c        ****     }
 256              		.loc 1 140 0 is_stmt 1
 257 00a4 0120     		movs	r0, #1
 258 00a6 FFF7FEFF 		bl	StripLights_Trigger
 259              	.LVL26:
 260              	.L8:
 142:main.c        **** 
 261              		.loc 1 142 0
 262              		@ sp needed
 263              	.LVL27:
 264 00aa 70BD     		pop	{r4, r5, r6, pc}
 265              	.L19:
 266              		.align	2
 267              	.L18:
 268 00ac 00000000 		.word	.LANCHOR0
 269 00b0 00000000 		.word	incomingCmd
 270              		.cfi_endproc
 271              	.LFE36:
 272              		.size	readLEDcommand, .-readLEDcommand
 273              		.section	.text.main,"ax",%progbits
 274              		.align	2
 275              		.global	main
 276              		.code	16
 277              		.thumb_func
 278              		.type	main, %function
 279              	main:
 280              	.LFB35:
  50:main.c        ****     CyGlobalIntEnable; /* Enable global interrupts. */
 281              		.loc 1 50 0
 282              		.cfi_startproc
 283              		@ Volatile: function does not return.
 284              		@ args = 0, pretend = 0, frame = 0
 285              		@ frame_needed = 0, uses_anonymous_args = 0
 286 0000 10B5     		push	{r4, lr}
 287              		.cfi_def_cfa_offset 8
 288              		.cfi_offset 4, -8
 289              		.cfi_offset 14, -4
  51:main.c        ****     StripLights_Start();
 290              		.loc 1 51 0
 291              		.syntax divided
 292              	@ 51 "main.c" 1
 293 0002 62B6     		CPSIE   i
 294              	@ 0 "" 2
  52:main.c        ****     
 295              		.loc 1 52 0
 296              		.thumb
 297              		.syntax unified
 298 0004 FFF7FEFF 		bl	StripLights_Start
 299              	.LVL28:
  55:main.c        ****     UART_DEB_Start();       //debug serial start for development mode
 300              		.loc 1 55 0
ARM GAS  C:\Users\GJL~1.CYS\AppData\Local\Temp\cc7h6ugw.s 			page 10


 301 0008 0A48     		ldr	r0, .L24
 302 000a FFF7FEFF 		bl	isr_UART_RX_StartEx
 303              	.LVL29:
  56:main.c        **** 
 304              		.loc 1 56 0
 305 000e FFF7FEFF 		bl	UART_DEB_Start
 306              	.LVL30:
 307              	.L23:
  79:main.c        ****         {
 308              		.loc 1 79 0
 309 0012 094B     		ldr	r3, .L24+4
 310 0014 5B78     		ldrb	r3, [r3, #1]
 311 0016 012B     		cmp	r3, #1
 312 0018 01D1     		bne	.L22
  81:main.c        ****         }
 313              		.loc 1 81 0
 314 001a FFF7FEFF 		bl	readLEDcommand
 315              	.LVL31:
 316              	.L22:
  84:main.c        ****        StripLights_Trigger(1);
 317              		.loc 1 84 0 discriminator 1
 318 001e FFF7FEFF 		bl	StripLights_Ready
 319              	.LVL32:
 320 0022 0028     		cmp	r0, #0
 321 0024 FBD0     		beq	.L22
  85:main.c        ****        CyDelay(100);
 322              		.loc 1 85 0
 323 0026 0120     		movs	r0, #1
 324 0028 FFF7FEFF 		bl	StripLights_Trigger
 325              	.LVL33:
  86:main.c        ****     }
 326              		.loc 1 86 0
 327 002c 6420     		movs	r0, #100
 328 002e FFF7FEFF 		bl	CyDelay
 329              	.LVL34:
  87:main.c        **** }
 330              		.loc 1 87 0
 331 0032 EEE7     		b	.L23
 332              	.L25:
 333              		.align	2
 334              	.L24:
 335 0034 00000000 		.word	RX_interrupt
 336 0038 00000000 		.word	.LANCHOR0
 337              		.cfi_endproc
 338              	.LFE35:
 339              		.size	main, .-main
 340              		.global	__aeabi_uidiv
 341              		.global	__aeabi_uidivmod
 342              		.section	.text.SlowColorBlend,"ax",%progbits
 343              		.align	2
 344              		.global	SlowColorBlend
 345              		.code	16
 346              		.thumb_func
 347              		.type	SlowColorBlend, %function
 348              	SlowColorBlend:
 349              	.LFB38:
 184:main.c        **** 
ARM GAS  C:\Users\GJL~1.CYS\AppData\Local\Temp\cc7h6ugw.s 			page 11


 185:main.c        **** 
 186:main.c        **** 
 187:main.c        **** 
 188:main.c        **** 
 189:main.c        **** /************************************************
 190:main.c        ****  *                    SlowColorBlend()
 191:main.c        ****  *
 192:main.c        ****  *  Slowly migate all the LEDs through the color
 193:main.c        ****  *  table.
 194:main.c        ****  *
 195:main.c        ****  ************************************************/
 196:main.c        **** void SlowColorBlend(uint32 delay, uint32 time)
 197:main.c        **** {
 350              		.loc 1 197 0
 351              		.cfi_startproc
 352              		@ args = 0, pretend = 0, frame = 8
 353              		@ frame_needed = 0, uses_anonymous_args = 0
 354              	.LVL35:
 355 0000 F0B5     		push	{r4, r5, r6, r7, lr}
 356              		.cfi_def_cfa_offset 20
 357              		.cfi_offset 4, -20
 358              		.cfi_offset 5, -16
 359              		.cfi_offset 6, -12
 360              		.cfi_offset 7, -8
 361              		.cfi_offset 14, -4
 362 0002 4746     		mov	r7, r8
 363 0004 80B4     		push	{r7}
 364              		.cfi_def_cfa_offset 24
 365              		.cfi_offset 8, -24
 366 0006 82B0     		sub	sp, sp, #8
 367              		.cfi_def_cfa_offset 32
 368 0008 0190     		str	r0, [sp, #4]
 369              	.LVL36:
 198:main.c        ****     uint32 timeCnt = 0; 
 199:main.c        ****     uint32 led = 0;
 200:main.c        ****     uint32 x = 0;
 201:main.c        ****     uint32 pct = 0;
 202:main.c        ****     uint32 fromColor, toColor, color;
 203:main.c        ****     extern const uint32 StripLights_CLUT[ ];
 204:main.c        **** 
 205:main.c        ****     StripLights_Dim(0); 
 370              		.loc 1 205 0
 371 000a 0020     		movs	r0, #0
 372              	.LVL37:
 373 000c FFF7FEFF 		bl	StripLights_Dim
 374              	.LVL38:
 200:main.c        ****     uint32 pct = 0;
 375              		.loc 1 200 0
 376 0010 0023     		movs	r3, #0
 377 0012 9846     		mov	r8, r3
 378              	.LVL39:
 379              	.L31:
 206:main.c        **** 
 207:main.c        ****     for(;;)
 208:main.c        ****     {   
 209:main.c        ****         while(1)
 210:main.c        ****         {
ARM GAS  C:\Users\GJL~1.CYS\AppData\Local\Temp\cc7h6ugw.s 			page 12


 211:main.c        ****            
 212:main.c        ****             for(pct = 0; pct < 100; pct += 4)
 380              		.loc 1 212 0
 381 0014 0023     		movs	r3, #0
 382 0016 0093     		str	r3, [sp]
 383 0018 2FE0     		b	.L27
 384              	.LVL40:
 385              	.L28:
 213:main.c        ****             {
 214:main.c        ****                 for(led = 0; led <= StripLights_MAX_X; led++)
 215:main.c        ****                 {
 216:main.c        ****  
 217:main.c        ****                     fromColor =  StripLights_CLUT[(x + 0 + ((led * StripLights_COLOR_WHEEL_SIZE)/St
 386              		.loc 1 217 0 discriminator 3
 387 001a 7B00     		lsls	r3, r7, #1
 388 001c DB19     		adds	r3, r3, r7
 389 001e D800     		lsls	r0, r3, #3
 390 0020 9021     		movs	r1, #144
 391 0022 4900     		lsls	r1, r1, #1
 392 0024 FFF7FEFF 		bl	__aeabi_uidiv
 393              	.LVL41:
 394 0028 4044     		add	r0, r0, r8
 395 002a 0400     		movs	r4, r0
 396 002c 1821     		movs	r1, #24
 397 002e FFF7FEFF 		bl	__aeabi_uidivmod
 398              	.LVL42:
 399 0032 154E     		ldr	r6, .L33
 400 0034 8900     		lsls	r1, r1, #2
 401 0036 8D59     		ldr	r5, [r1, r6]
 402              	.LVL43:
 218:main.c        ****                     toColor =  StripLights_CLUT[(x + 1 + ((led * StripLights_COLOR_WHEEL_SIZE)/Stri
 403              		.loc 1 218 0 discriminator 3
 404 0038 601C     		adds	r0, r4, #1
 405 003a 1821     		movs	r1, #24
 406 003c FFF7FEFF 		bl	__aeabi_uidivmod
 407              	.LVL44:
 408 0040 8900     		lsls	r1, r1, #2
 409 0042 8959     		ldr	r1, [r1, r6]
 410              	.LVL45:
 219:main.c        ****                     
 220:main.c        ****                     color = StripLights_RgbBlend(fromColor, toColor, pct);                  
 411              		.loc 1 220 0 discriminator 3
 412 0044 009A     		ldr	r2, [sp]
 413 0046 2800     		movs	r0, r5
 414 0048 FFF7FEFF 		bl	StripLights_RgbBlend
 415              	.LVL46:
 416 004c 0200     		movs	r2, r0
 417              	.LVL47:
 221:main.c        ****                     StripLights_Pixel(led, 0, color );
 418              		.loc 1 221 0 discriminator 3
 419 004e 0021     		movs	r1, #0
 420 0050 3800     		movs	r0, r7
 421              	.LVL48:
 422 0052 FFF7FEFF 		bl	StripLights_Pixel
 423              	.LVL49:
 214:main.c        ****                 {
 424              		.loc 1 214 0 discriminator 3
ARM GAS  C:\Users\GJL~1.CYS\AppData\Local\Temp\cc7h6ugw.s 			page 13


 425 0056 0137     		adds	r7, r7, #1
 426              	.LVL50:
 427 0058 00E0     		b	.L30
 428              	.LVL51:
 429              	.L32:
 430 005a 0027     		movs	r7, #0
 431              	.LVL52:
 432              	.L30:
 214:main.c        ****                 {
 433              		.loc 1 214 0 is_stmt 0 discriminator 1
 434 005c 8F2F     		cmp	r7, #143
 435 005e DCD9     		bls	.L28
 436              	.L29:
 222:main.c        ****                 }
 223:main.c        ****                 
 224:main.c        ****                  while( StripLights_Ready() == 0);
 437              		.loc 1 224 0 is_stmt 1 discriminator 1
 438 0060 FFF7FEFF 		bl	StripLights_Ready
 439              	.LVL53:
 440 0064 0028     		cmp	r0, #0
 441 0066 FBD0     		beq	.L29
 225:main.c        **** 	
 226:main.c        **** 	            StripLights_Trigger(1);
 442              		.loc 1 226 0 discriminator 2
 443 0068 0120     		movs	r0, #1
 444 006a FFF7FEFF 		bl	StripLights_Trigger
 445              	.LVL54:
 227:main.c        ****                 CyDelay(delay);
 446              		.loc 1 227 0 discriminator 2
 447 006e 0198     		ldr	r0, [sp, #4]
 448 0070 FFF7FEFF 		bl	CyDelay
 449              	.LVL55:
 212:main.c        ****             {
 450              		.loc 1 212 0 discriminator 2
 451 0074 009B     		ldr	r3, [sp]
 452 0076 0433     		adds	r3, r3, #4
 453 0078 0093     		str	r3, [sp]
 454              	.LVL56:
 455              	.L27:
 212:main.c        ****             {
 456              		.loc 1 212 0 is_stmt 0 discriminator 1
 457 007a 009B     		ldr	r3, [sp]
 458 007c 632B     		cmp	r3, #99
 459 007e ECD9     		bls	.L32
 228:main.c        **** 
 229:main.c        ****             }
 230:main.c        ****             x++;  // Advance through color wheel
 460              		.loc 1 230 0 is_stmt 1
 461 0080 0123     		movs	r3, #1
 462 0082 9C46     		mov	ip, r3
 463 0084 E044     		add	r8, r8, ip
 464              	.LVL57:
 231:main.c        ****         }
 465              		.loc 1 231 0
 466 0086 C5E7     		b	.L31
 467              	.L34:
 468              		.align	2
ARM GAS  C:\Users\GJL~1.CYS\AppData\Local\Temp\cc7h6ugw.s 			page 14


 469              	.L33:
 470 0088 00000000 		.word	StripLights_CLUT
 471              		.cfi_endproc
 472              	.LFE38:
 473              		.size	SlowColorBlend, .-SlowColorBlend
 474              		.comm	incomingCmd,64,4
 475              		.comm	incomingbytes,64,4
 476              		.global	rxStatus
 477              		.bss
 478              		.set	.LANCHOR0,. + 0
 479              		.type	RXincomingptr.5559, %object
 480              		.size	RXincomingptr.5559, 1
 481              	RXincomingptr.5559:
 482 0000 00       		.space	1
 483              		.type	rxStatus, %object
 484              		.size	rxStatus, 1
 485              	rxStatus:
 486 0001 00       		.space	1
 487              		.text
 488              	.Letext0:
 489              		.file 2 "c:\\program files (x86)\\cypress\\psoc creator\\4.2\\psoc creator\\import\\gnu\\arm\\5.4.
 490              		.file 3 "c:\\program files (x86)\\cypress\\psoc creator\\4.2\\psoc creator\\import\\gnu\\arm\\5.4.
 491              		.file 4 "Generated_Source\\PSoC4/cytypes.h"
 492              		.file 5 "Generated_Source\\PSoC4/UART_DEB_SPI_UART.h"
 493              		.file 6 "Generated_Source\\PSoC4/StripLights.h"
 494              		.file 7 "Generated_Source\\PSoC4/isr_UART_RX.h"
 495              		.file 8 "Generated_Source\\PSoC4/UART_DEB.h"
 496              		.file 9 "Generated_Source\\PSoC4/CyLib.h"
 497              		.section	.debug_info,"",%progbits
 498              	.Ldebug_info0:
 499 0000 41050000 		.4byte	0x541
 500 0004 0400     		.2byte	0x4
 501 0006 00000000 		.4byte	.Ldebug_abbrev0
 502 000a 04       		.byte	0x4
 503 000b 01       		.uleb128 0x1
 504 000c 7F000000 		.4byte	.LASF62
 505 0010 0C       		.byte	0xc
 506 0011 CD020000 		.4byte	.LASF63
 507 0015 DA010000 		.4byte	.LASF64
 508 0019 00000000 		.4byte	.Ldebug_ranges0+0
 509 001d 00000000 		.4byte	0
 510 0021 00000000 		.4byte	.Ldebug_line0
 511 0025 02       		.uleb128 0x2
 512 0026 01       		.byte	0x1
 513 0027 06       		.byte	0x6
 514 0028 17020000 		.4byte	.LASF0
 515 002c 03       		.uleb128 0x3
 516 002d 7B010000 		.4byte	.LASF5
 517 0031 02       		.byte	0x2
 518 0032 1D       		.byte	0x1d
 519 0033 37000000 		.4byte	0x37
 520 0037 02       		.uleb128 0x2
 521 0038 01       		.byte	0x1
 522 0039 08       		.byte	0x8
 523 003a CC010000 		.4byte	.LASF1
 524 003e 02       		.uleb128 0x2
 525 003f 02       		.byte	0x2
ARM GAS  C:\Users\GJL~1.CYS\AppData\Local\Temp\cc7h6ugw.s 			page 15


 526 0040 05       		.byte	0x5
 527 0041 64000000 		.4byte	.LASF2
 528 0045 02       		.uleb128 0x2
 529 0046 02       		.byte	0x2
 530 0047 07       		.byte	0x7
 531 0048 84020000 		.4byte	.LASF3
 532 004c 02       		.uleb128 0x2
 533 004d 04       		.byte	0x4
 534 004e 05       		.byte	0x5
 535 004f 6C010000 		.4byte	.LASF4
 536 0053 03       		.uleb128 0x3
 537 0054 02030000 		.4byte	.LASF6
 538 0058 02       		.byte	0x2
 539 0059 41       		.byte	0x41
 540 005a 5E000000 		.4byte	0x5e
 541 005e 02       		.uleb128 0x2
 542 005f 04       		.byte	0x4
 543 0060 07       		.byte	0x7
 544 0061 D4020000 		.4byte	.LASF7
 545 0065 02       		.uleb128 0x2
 546 0066 08       		.byte	0x8
 547 0067 05       		.byte	0x5
 548 0068 52010000 		.4byte	.LASF8
 549 006c 02       		.uleb128 0x2
 550 006d 08       		.byte	0x8
 551 006e 07       		.byte	0x7
 552 006f 23020000 		.4byte	.LASF9
 553 0073 04       		.uleb128 0x4
 554 0074 04       		.byte	0x4
 555 0075 05       		.byte	0x5
 556 0076 696E7400 		.ascii	"int\000"
 557 007a 02       		.uleb128 0x2
 558 007b 04       		.byte	0x4
 559 007c 07       		.byte	0x7
 560 007d 43020000 		.4byte	.LASF10
 561 0081 03       		.uleb128 0x3
 562 0082 1F030000 		.4byte	.LASF11
 563 0086 03       		.byte	0x3
 564 0087 18       		.byte	0x18
 565 0088 2C000000 		.4byte	0x2c
 566 008c 03       		.uleb128 0x3
 567 008d 3A020000 		.4byte	.LASF12
 568 0091 03       		.byte	0x3
 569 0092 30       		.byte	0x30
 570 0093 53000000 		.4byte	0x53
 571 0097 05       		.uleb128 0x5
 572 0098 22010000 		.4byte	.LASF13
 573 009c 04       		.byte	0x4
 574 009d D201     		.2byte	0x1d2
 575 009f 37000000 		.4byte	0x37
 576 00a3 05       		.uleb128 0x5
 577 00a4 C6020000 		.4byte	.LASF14
 578 00a8 04       		.byte	0x4
 579 00a9 D401     		.2byte	0x1d4
 580 00ab 5E000000 		.4byte	0x5e
 581 00af 05       		.uleb128 0x5
 582 00b0 E6020000 		.4byte	.LASF15
ARM GAS  C:\Users\GJL~1.CYS\AppData\Local\Temp\cc7h6ugw.s 			page 16


 583 00b4 04       		.byte	0x4
 584 00b5 D701     		.2byte	0x1d7
 585 00b7 4C000000 		.4byte	0x4c
 586 00bb 02       		.uleb128 0x2
 587 00bc 04       		.byte	0x4
 588 00bd 04       		.byte	0x4
 589 00be 4C010000 		.4byte	.LASF16
 590 00c2 02       		.uleb128 0x2
 591 00c3 08       		.byte	0x8
 592 00c4 04       		.byte	0x4
 593 00c5 EC020000 		.4byte	.LASF17
 594 00c9 02       		.uleb128 0x2
 595 00ca 01       		.byte	0x1
 596 00cb 08       		.byte	0x8
 597 00cc B6020000 		.4byte	.LASF18
 598 00d0 05       		.uleb128 0x5
 599 00d1 64020000 		.4byte	.LASF19
 600 00d5 04       		.byte	0x4
 601 00d6 7E02     		.2byte	0x27e
 602 00d8 DC000000 		.4byte	0xdc
 603 00dc 06       		.uleb128 0x6
 604 00dd A3000000 		.4byte	0xa3
 605 00e1 02       		.uleb128 0x2
 606 00e2 08       		.byte	0x8
 607 00e3 04       		.byte	0x4
 608 00e4 AC010000 		.4byte	.LASF20
 609 00e8 02       		.uleb128 0x2
 610 00e9 04       		.byte	0x4
 611 00ea 07       		.byte	0x7
 612 00eb 39030000 		.4byte	.LASF21
 613 00ef 07       		.uleb128 0x7
 614 00f0 01       		.byte	0x1
 615 00f1 37000000 		.4byte	0x37
 616 00f5 01       		.byte	0x1
 617 00f6 0C       		.byte	0xc
 618 00f7 08010000 		.4byte	0x108
 619 00fb 08       		.uleb128 0x8
 620 00fc B8010000 		.4byte	.LASF22
 621 0100 00       		.byte	0
 622 0101 08       		.uleb128 0x8
 623 0102 60010000 		.4byte	.LASF23
 624 0106 01       		.byte	0x1
 625 0107 00       		.byte	0
 626 0108 03       		.uleb128 0x3
 627 0109 73000000 		.4byte	.LASF24
 628 010d 01       		.byte	0x1
 629 010e 0F       		.byte	0xf
 630 010f EF000000 		.4byte	0xef
 631 0113 09       		.uleb128 0x9
 632 0114 04       		.byte	0x4
 633 0115 01       		.byte	0x1
 634 0116 11       		.byte	0x11
 635 0117 4C010000 		.4byte	0x14c
 636 011b 0A       		.uleb128 0xa
 637 011c 72656400 		.ascii	"red\000"
 638 0120 01       		.byte	0x1
 639 0121 12       		.byte	0x12
ARM GAS  C:\Users\GJL~1.CYS\AppData\Local\Temp\cc7h6ugw.s 			page 17


 640 0122 81000000 		.4byte	0x81
 641 0126 00       		.byte	0
 642 0127 0B       		.uleb128 0xb
 643 0128 6E000000 		.4byte	.LASF25
 644 012c 01       		.byte	0x1
 645 012d 13       		.byte	0x13
 646 012e 81000000 		.4byte	0x81
 647 0132 01       		.byte	0x1
 648 0133 0B       		.uleb128 0xb
 649 0134 85010000 		.4byte	.LASF26
 650 0138 01       		.byte	0x1
 651 0139 14       		.byte	0x14
 652 013a 81000000 		.4byte	0x81
 653 013e 02       		.byte	0x2
 654 013f 0B       		.uleb128 0xb
 655 0140 50000000 		.4byte	.LASF27
 656 0144 01       		.byte	0x1
 657 0145 15       		.byte	0x15
 658 0146 81000000 		.4byte	0x81
 659 014a 03       		.byte	0x3
 660 014b 00       		.byte	0
 661 014c 03       		.uleb128 0x3
 662 014d 41000000 		.4byte	.LASF28
 663 0151 01       		.byte	0x1
 664 0152 16       		.byte	0x16
 665 0153 13010000 		.4byte	0x113
 666 0157 0C       		.uleb128 0xc
 667 0158 04       		.byte	0x4
 668 0159 01       		.byte	0x1
 669 015a 18       		.byte	0x18
 670 015b 76010000 		.4byte	0x176
 671 015f 0D       		.uleb128 0xd
 672 0160 75010000 		.4byte	.LASF29
 673 0164 01       		.byte	0x1
 674 0165 19       		.byte	0x19
 675 0166 4C010000 		.4byte	0x14c
 676 016a 0D       		.uleb128 0xd
 677 016b 00000000 		.4byte	.LASF30
 678 016f 01       		.byte	0x1
 679 0170 1A       		.byte	0x1a
 680 0171 8C000000 		.4byte	0x8c
 681 0175 00       		.byte	0
 682 0176 03       		.uleb128 0x3
 683 0177 39000000 		.4byte	.LASF31
 684 017b 01       		.byte	0x1
 685 017c 1B       		.byte	0x1b
 686 017d 57010000 		.4byte	0x157
 687 0181 0E       		.uleb128 0xe
 688 0182 8B010000 		.4byte	.LASF36
 689 0186 01       		.byte	0x1
 690 0187 94       		.byte	0x94
 691 0188 00000000 		.4byte	.LFB37
 692 018c 68000000 		.4byte	.LFE37-.LFB37
 693 0190 01       		.uleb128 0x1
 694 0191 9C       		.byte	0x9c
 695 0192 FA010000 		.4byte	0x1fa
 696 0196 0F       		.uleb128 0xf
ARM GAS  C:\Users\GJL~1.CYS\AppData\Local\Temp\cc7h6ugw.s 			page 18


 697 0197 98010000 		.4byte	.LASF32
 698 019b 01       		.byte	0x1
 699 019c 96       		.byte	0x96
 700 019d 97000000 		.4byte	0x97
 701 01a1 05       		.uleb128 0x5
 702 01a2 03       		.byte	0x3
 703 01a3 00000000 		.4byte	RXincomingptr.5559
 704 01a7 10       		.uleb128 0x10
 705 01a8 42030000 		.4byte	.LASF33
 706 01ac 01       		.byte	0x1
 707 01ad 97       		.byte	0x97
 708 01ae 97000000 		.4byte	0x97
 709 01b2 00000000 		.4byte	.LLST0
 710 01b6 10       		.uleb128 0x10
 711 01b7 7D030000 		.4byte	.LASF34
 712 01bb 01       		.byte	0x1
 713 01bc 98       		.byte	0x98
 714 01bd A3000000 		.4byte	0xa3
 715 01c1 2D000000 		.4byte	.LLST1
 716 01c5 10       		.uleb128 0x10
 717 01c6 A6010000 		.4byte	.LASF35
 718 01ca 01       		.byte	0x1
 719 01cb 99       		.byte	0x99
 720 01cc A3000000 		.4byte	0xa3
 721 01d0 4E000000 		.4byte	.LLST2
 722 01d4 11       		.uleb128 0x11
 723 01d5 18000000 		.4byte	.LVL3
 724 01d9 CC040000 		.4byte	0x4cc
 725 01dd 12       		.uleb128 0x12
 726 01de 34000000 		.4byte	.LVL6
 727 01e2 D8040000 		.4byte	0x4d8
 728 01e6 13       		.uleb128 0x13
 729 01e7 01       		.uleb128 0x1
 730 01e8 50       		.byte	0x50
 731 01e9 05       		.uleb128 0x5
 732 01ea 03       		.byte	0x3
 733 01eb 00000000 		.4byte	incomingCmd
 734 01ef 13       		.uleb128 0x13
 735 01f0 01       		.uleb128 0x1
 736 01f1 51       		.byte	0x51
 737 01f2 05       		.uleb128 0x5
 738 01f3 03       		.byte	0x3
 739 01f4 00000000 		.4byte	incomingbytes
 740 01f8 00       		.byte	0
 741 01f9 00       		.byte	0
 742 01fa 14       		.uleb128 0x14
 743 01fb 0D010000 		.4byte	.LASF37
 744 01ff 01       		.byte	0x1
 745 0200 5B       		.byte	0x5b
 746 0201 00000000 		.4byte	.LFB36
 747 0205 B4000000 		.4byte	.LFE36-.LFB36
 748 0209 01       		.uleb128 0x1
 749 020a 9C       		.byte	0x9c
 750 020b D5020000 		.4byte	0x2d5
 751 020f 10       		.uleb128 0x10
 752 0210 6A020000 		.4byte	.LASF38
 753 0214 01       		.byte	0x1
ARM GAS  C:\Users\GJL~1.CYS\AppData\Local\Temp\cc7h6ugw.s 			page 19


 754 0215 5D       		.byte	0x5d
 755 0216 76010000 		.4byte	0x176
 756 021a 61000000 		.4byte	.LLST3
 757 021e 10       		.uleb128 0x10
 758 021f BB020000 		.4byte	.LASF39
 759 0223 01       		.byte	0x1
 760 0224 5E       		.byte	0x5e
 761 0225 76010000 		.4byte	0x176
 762 0229 74000000 		.4byte	.LLST4
 763 022d 10       		.uleb128 0x10
 764 022e 1C010000 		.4byte	.LASF40
 765 0232 01       		.byte	0x1
 766 0233 5F       		.byte	0x5f
 767 0234 81000000 		.4byte	0x81
 768 0238 87000000 		.4byte	.LLST5
 769 023c 10       		.uleb128 0x10
 770 023d 19030000 		.4byte	.LASF41
 771 0241 01       		.byte	0x1
 772 0242 60       		.byte	0x60
 773 0243 81000000 		.4byte	0x81
 774 0247 D3000000 		.4byte	.LLST6
 775 024b 15       		.uleb128 0x15
 776 024c 4A000000 		.4byte	.LVL13
 777 0250 E1040000 		.4byte	0x4e1
 778 0254 6A020000 		.4byte	0x26a
 779 0258 13       		.uleb128 0x13
 780 0259 01       		.uleb128 0x1
 781 025a 50       		.byte	0x50
 782 025b 02       		.uleb128 0x2
 783 025c 74       		.byte	0x74
 784 025d 00       		.sleb128 0
 785 025e 13       		.uleb128 0x13
 786 025f 01       		.uleb128 0x1
 787 0260 51       		.byte	0x51
 788 0261 01       		.uleb128 0x1
 789 0262 30       		.byte	0x30
 790 0263 13       		.uleb128 0x13
 791 0264 01       		.uleb128 0x1
 792 0265 52       		.byte	0x52
 793 0266 02       		.uleb128 0x2
 794 0267 76       		.byte	0x76
 795 0268 00       		.sleb128 0
 796 0269 00       		.byte	0
 797 026a 15       		.uleb128 0x15
 798 026b 56000000 		.4byte	.LVL14
 799 026f E1040000 		.4byte	0x4e1
 800 0273 88020000 		.4byte	0x288
 801 0277 13       		.uleb128 0x13
 802 0278 01       		.uleb128 0x1
 803 0279 50       		.byte	0x50
 804 027a 02       		.uleb128 0x2
 805 027b 74       		.byte	0x74
 806 027c 00       		.sleb128 0
 807 027d 13       		.uleb128 0x13
 808 027e 01       		.uleb128 0x1
 809 027f 51       		.byte	0x51
 810 0280 01       		.uleb128 0x1
ARM GAS  C:\Users\GJL~1.CYS\AppData\Local\Temp\cc7h6ugw.s 			page 20


 811 0281 30       		.byte	0x30
 812 0282 13       		.uleb128 0x13
 813 0283 01       		.uleb128 0x1
 814 0284 52       		.byte	0x52
 815 0285 01       		.uleb128 0x1
 816 0286 30       		.byte	0x30
 817 0287 00       		.byte	0
 818 0288 15       		.uleb128 0x15
 819 0289 90000000 		.4byte	.LVL22
 820 028d E1040000 		.4byte	0x4e1
 821 0291 A7020000 		.4byte	0x2a7
 822 0295 13       		.uleb128 0x13
 823 0296 01       		.uleb128 0x1
 824 0297 50       		.byte	0x50
 825 0298 02       		.uleb128 0x2
 826 0299 74       		.byte	0x74
 827 029a 00       		.sleb128 0
 828 029b 13       		.uleb128 0x13
 829 029c 01       		.uleb128 0x1
 830 029d 51       		.byte	0x51
 831 029e 01       		.uleb128 0x1
 832 029f 31       		.byte	0x31
 833 02a0 13       		.uleb128 0x13
 834 02a1 01       		.uleb128 0x1
 835 02a2 52       		.byte	0x52
 836 02a3 02       		.uleb128 0x2
 837 02a4 76       		.byte	0x76
 838 02a5 00       		.sleb128 0
 839 02a6 00       		.byte	0
 840 02a7 15       		.uleb128 0x15
 841 02a8 9C000000 		.4byte	.LVL23
 842 02ac E1040000 		.4byte	0x4e1
 843 02b0 C5020000 		.4byte	0x2c5
 844 02b4 13       		.uleb128 0x13
 845 02b5 01       		.uleb128 0x1
 846 02b6 50       		.byte	0x50
 847 02b7 02       		.uleb128 0x2
 848 02b8 74       		.byte	0x74
 849 02b9 00       		.sleb128 0
 850 02ba 13       		.uleb128 0x13
 851 02bb 01       		.uleb128 0x1
 852 02bc 51       		.byte	0x51
 853 02bd 01       		.uleb128 0x1
 854 02be 31       		.byte	0x31
 855 02bf 13       		.uleb128 0x13
 856 02c0 01       		.uleb128 0x1
 857 02c1 52       		.byte	0x52
 858 02c2 01       		.uleb128 0x1
 859 02c3 30       		.byte	0x30
 860 02c4 00       		.byte	0
 861 02c5 12       		.uleb128 0x12
 862 02c6 AA000000 		.4byte	.LVL26
 863 02ca EC040000 		.4byte	0x4ec
 864 02ce 13       		.uleb128 0x13
 865 02cf 01       		.uleb128 0x1
 866 02d0 50       		.byte	0x50
 867 02d1 01       		.uleb128 0x1
ARM GAS  C:\Users\GJL~1.CYS\AppData\Local\Temp\cc7h6ugw.s 			page 21


 868 02d2 31       		.byte	0x31
 869 02d3 00       		.byte	0
 870 02d4 00       		.byte	0
 871 02d5 16       		.uleb128 0x16
 872 02d6 34000000 		.4byte	.LASF65
 873 02da 01       		.byte	0x1
 874 02db 31       		.byte	0x31
 875 02dc 73000000 		.4byte	0x73
 876 02e0 00000000 		.4byte	.LFB35
 877 02e4 3C000000 		.4byte	.LFE35-.LFB35
 878 02e8 01       		.uleb128 0x1
 879 02e9 9C       		.byte	0x9c
 880 02ea 4D030000 		.4byte	0x34d
 881 02ee 11       		.uleb128 0x11
 882 02ef 08000000 		.4byte	.LVL28
 883 02f3 F7040000 		.4byte	0x4f7
 884 02f7 15       		.uleb128 0x15
 885 02f8 0E000000 		.4byte	.LVL29
 886 02fc 02050000 		.4byte	0x502
 887 0300 0E030000 		.4byte	0x30e
 888 0304 13       		.uleb128 0x13
 889 0305 01       		.uleb128 0x1
 890 0306 50       		.byte	0x50
 891 0307 05       		.uleb128 0x5
 892 0308 03       		.byte	0x3
 893 0309 00000000 		.4byte	RX_interrupt
 894 030d 00       		.byte	0
 895 030e 11       		.uleb128 0x11
 896 030f 12000000 		.4byte	.LVL30
 897 0313 0D050000 		.4byte	0x50d
 898 0317 11       		.uleb128 0x11
 899 0318 1E000000 		.4byte	.LVL31
 900 031c FA010000 		.4byte	0x1fa
 901 0320 11       		.uleb128 0x11
 902 0321 22000000 		.4byte	.LVL32
 903 0325 18050000 		.4byte	0x518
 904 0329 15       		.uleb128 0x15
 905 032a 2C000000 		.4byte	.LVL33
 906 032e EC040000 		.4byte	0x4ec
 907 0332 3C030000 		.4byte	0x33c
 908 0336 13       		.uleb128 0x13
 909 0337 01       		.uleb128 0x1
 910 0338 50       		.byte	0x50
 911 0339 01       		.uleb128 0x1
 912 033a 31       		.byte	0x31
 913 033b 00       		.byte	0
 914 033c 12       		.uleb128 0x12
 915 033d 32000000 		.4byte	.LVL34
 916 0341 23050000 		.4byte	0x523
 917 0345 13       		.uleb128 0x13
 918 0346 01       		.uleb128 0x1
 919 0347 50       		.byte	0x50
 920 0348 02       		.uleb128 0x2
 921 0349 08       		.byte	0x8
 922 034a 64       		.byte	0x64
 923 034b 00       		.byte	0
 924 034c 00       		.byte	0
ARM GAS  C:\Users\GJL~1.CYS\AppData\Local\Temp\cc7h6ugw.s 			page 22


 925 034d 17       		.uleb128 0x17
 926 034e F3020000 		.4byte	.LASF66
 927 0352 01       		.byte	0x1
 928 0353 C4       		.byte	0xc4
 929 0354 00000000 		.4byte	.LFB38
 930 0358 8C000000 		.4byte	.LFE38-.LFB38
 931 035c 01       		.uleb128 0x1
 932 035d 9C       		.byte	0x9c
 933 035e 64040000 		.4byte	0x464
 934 0362 18       		.uleb128 0x18
 935 0363 46010000 		.4byte	.LASF42
 936 0367 01       		.byte	0x1
 937 0368 C4       		.byte	0xc4
 938 0369 A3000000 		.4byte	0xa3
 939 036d E6000000 		.4byte	.LLST7
 940 0371 18       		.uleb128 0x18
 941 0372 5F020000 		.4byte	.LASF43
 942 0376 01       		.byte	0x1
 943 0377 C4       		.byte	0xc4
 944 0378 A3000000 		.4byte	0xa3
 945 037c 05010000 		.4byte	.LLST8
 946 0380 19       		.uleb128 0x19
 947 0381 5C000000 		.4byte	.LASF44
 948 0385 01       		.byte	0x1
 949 0386 C6       		.byte	0xc6
 950 0387 A3000000 		.4byte	0xa3
 951 038b 00       		.byte	0
 952 038c 1A       		.uleb128 0x1a
 953 038d 6C656400 		.ascii	"led\000"
 954 0391 01       		.byte	0x1
 955 0392 C7       		.byte	0xc7
 956 0393 A3000000 		.4byte	0xa3
 957 0397 26010000 		.4byte	.LLST9
 958 039b 1A       		.uleb128 0x1a
 959 039c 7800     		.ascii	"x\000"
 960 039e 01       		.byte	0x1
 961 039f C8       		.byte	0xc8
 962 03a0 A3000000 		.4byte	0xa3
 963 03a4 50010000 		.4byte	.LLST10
 964 03a8 1A       		.uleb128 0x1a
 965 03a9 70637400 		.ascii	"pct\000"
 966 03ad 01       		.byte	0x1
 967 03ae C9       		.byte	0xc9
 968 03af A3000000 		.4byte	0xa3
 969 03b3 6F010000 		.4byte	.LLST11
 970 03b7 10       		.uleb128 0x10
 971 03b8 3C010000 		.4byte	.LASF45
 972 03bc 01       		.byte	0x1
 973 03bd CA       		.byte	0xca
 974 03be A3000000 		.4byte	0xa3
 975 03c2 A6010000 		.4byte	.LLST12
 976 03c6 10       		.uleb128 0x10
 977 03c7 75030000 		.4byte	.LASF46
 978 03cb 01       		.byte	0x1
 979 03cc CA       		.byte	0xca
 980 03cd A3000000 		.4byte	0xa3
 981 03d1 B9010000 		.4byte	.LLST13
ARM GAS  C:\Users\GJL~1.CYS\AppData\Local\Temp\cc7h6ugw.s 			page 23


 982 03d5 10       		.uleb128 0x10
 983 03d6 2E000000 		.4byte	.LASF47
 984 03da 01       		.byte	0x1
 985 03db CA       		.byte	0xca
 986 03dc A3000000 		.4byte	0xa3
 987 03e0 CC010000 		.4byte	.LLST14
 988 03e4 1B       		.uleb128 0x1b
 989 03e5 97020000 		.4byte	.LASF48
 990 03e9 01       		.byte	0x1
 991 03ea CB       		.byte	0xcb
 992 03eb 74040000 		.4byte	0x474
 993 03ef 15       		.uleb128 0x15
 994 03f0 10000000 		.4byte	.LVL38
 995 03f4 2E050000 		.4byte	0x52e
 996 03f8 02040000 		.4byte	0x402
 997 03fc 13       		.uleb128 0x13
 998 03fd 01       		.uleb128 0x1
 999 03fe 50       		.byte	0x50
 1000 03ff 01       		.uleb128 0x1
 1001 0400 30       		.byte	0x30
 1002 0401 00       		.byte	0
 1003 0402 15       		.uleb128 0x15
 1004 0403 4C000000 		.4byte	.LVL46
 1005 0407 39050000 		.4byte	0x539
 1006 040b 1D040000 		.4byte	0x41d
 1007 040f 13       		.uleb128 0x13
 1008 0410 01       		.uleb128 0x1
 1009 0411 50       		.byte	0x50
 1010 0412 02       		.uleb128 0x2
 1011 0413 75       		.byte	0x75
 1012 0414 00       		.sleb128 0
 1013 0415 13       		.uleb128 0x13
 1014 0416 01       		.uleb128 0x1
 1015 0417 52       		.byte	0x52
 1016 0418 03       		.uleb128 0x3
 1017 0419 7D       		.byte	0x7d
 1018 041a 00       		.sleb128 0
 1019 041b 06       		.byte	0x6
 1020 041c 00       		.byte	0
 1021 041d 15       		.uleb128 0x15
 1022 041e 56000000 		.4byte	.LVL49
 1023 0422 E1040000 		.4byte	0x4e1
 1024 0426 36040000 		.4byte	0x436
 1025 042a 13       		.uleb128 0x13
 1026 042b 01       		.uleb128 0x1
 1027 042c 50       		.byte	0x50
 1028 042d 02       		.uleb128 0x2
 1029 042e 77       		.byte	0x77
 1030 042f 00       		.sleb128 0
 1031 0430 13       		.uleb128 0x13
 1032 0431 01       		.uleb128 0x1
 1033 0432 51       		.byte	0x51
 1034 0433 01       		.uleb128 0x1
 1035 0434 30       		.byte	0x30
 1036 0435 00       		.byte	0
 1037 0436 11       		.uleb128 0x11
 1038 0437 64000000 		.4byte	.LVL53
ARM GAS  C:\Users\GJL~1.CYS\AppData\Local\Temp\cc7h6ugw.s 			page 24


 1039 043b 18050000 		.4byte	0x518
 1040 043f 15       		.uleb128 0x15
 1041 0440 6E000000 		.4byte	.LVL54
 1042 0444 EC040000 		.4byte	0x4ec
 1043 0448 52040000 		.4byte	0x452
 1044 044c 13       		.uleb128 0x13
 1045 044d 01       		.uleb128 0x1
 1046 044e 50       		.byte	0x50
 1047 044f 01       		.uleb128 0x1
 1048 0450 31       		.byte	0x31
 1049 0451 00       		.byte	0
 1050 0452 12       		.uleb128 0x12
 1051 0453 74000000 		.4byte	.LVL55
 1052 0457 23050000 		.4byte	0x523
 1053 045b 13       		.uleb128 0x13
 1054 045c 01       		.uleb128 0x1
 1055 045d 50       		.byte	0x50
 1056 045e 03       		.uleb128 0x3
 1057 045f 91       		.byte	0x91
 1058 0460 64       		.sleb128 -28
 1059 0461 06       		.byte	0x6
 1060 0462 00       		.byte	0
 1061 0463 00       		.byte	0
 1062 0464 1C       		.uleb128 0x1c
 1063 0465 6F040000 		.4byte	0x46f
 1064 0469 6F040000 		.4byte	0x46f
 1065 046d 1D       		.uleb128 0x1d
 1066 046e 00       		.byte	0
 1067 046f 1E       		.uleb128 0x1e
 1068 0470 A3000000 		.4byte	0xa3
 1069 0474 1E       		.uleb128 0x1e
 1070 0475 64040000 		.4byte	0x464
 1071 0479 1F       		.uleb128 0x1f
 1072 047a C3010000 		.4byte	.LASF49
 1073 047e 01       		.byte	0x1
 1074 047f 25       		.byte	0x25
 1075 0480 08010000 		.4byte	0x108
 1076 0484 05       		.uleb128 0x5
 1077 0485 03       		.byte	0x3
 1078 0486 00000000 		.4byte	rxStatus
 1079 048a 1C       		.uleb128 0x1c
 1080 048b 81000000 		.4byte	0x81
 1081 048f 9A040000 		.4byte	0x49a
 1082 0493 20       		.uleb128 0x20
 1083 0494 E8000000 		.4byte	0xe8
 1084 0498 3F       		.byte	0x3f
 1085 0499 00       		.byte	0
 1086 049a 1F       		.uleb128 0x1f
 1087 049b A8020000 		.4byte	.LASF50
 1088 049f 01       		.byte	0x1
 1089 04a0 26       		.byte	0x26
 1090 04a1 8A040000 		.4byte	0x48a
 1091 04a5 05       		.uleb128 0x5
 1092 04a6 03       		.byte	0x3
 1093 04a7 00000000 		.4byte	incomingbytes
 1094 04ab 1F       		.uleb128 0x1f
 1095 04ac 0D030000 		.4byte	.LASF51
ARM GAS  C:\Users\GJL~1.CYS\AppData\Local\Temp\cc7h6ugw.s 			page 25


 1096 04b0 01       		.byte	0x1
 1097 04b1 27       		.byte	0x27
 1098 04b2 8A040000 		.4byte	0x48a
 1099 04b6 05       		.uleb128 0x5
 1100 04b7 03       		.byte	0x3
 1101 04b8 00000000 		.4byte	incomingCmd
 1102 04bc 1B       		.uleb128 0x1b
 1103 04bd 97020000 		.4byte	.LASF48
 1104 04c1 01       		.byte	0x1
 1105 04c2 CB       		.byte	0xcb
 1106 04c3 C7040000 		.4byte	0x4c7
 1107 04c7 1E       		.uleb128 0x1e
 1108 04c8 64040000 		.4byte	0x464
 1109 04cc 21       		.uleb128 0x21
 1110 04cd 19000000 		.4byte	.LASF52
 1111 04d1 19000000 		.4byte	.LASF52
 1112 04d5 05       		.byte	0x5
 1113 04d6 1003     		.2byte	0x310
 1114 04d8 22       		.uleb128 0x22
 1115 04d9 55000000 		.4byte	.LASF67
 1116 04dd 55000000 		.4byte	.LASF67
 1117 04e1 23       		.uleb128 0x23
 1118 04e2 27030000 		.4byte	.LASF53
 1119 04e6 27030000 		.4byte	.LASF53
 1120 04ea 06       		.byte	0x6
 1121 04eb 23       		.byte	0x23
 1122 04ec 23       		.uleb128 0x23
 1123 04ed 28010000 		.4byte	.LASF54
 1124 04f1 28010000 		.4byte	.LASF54
 1125 04f5 06       		.byte	0x6
 1126 04f6 1A       		.byte	0x1a
 1127 04f7 23       		.uleb128 0x23
 1128 04f8 49030000 		.4byte	.LASF55
 1129 04fc 49030000 		.4byte	.LASF55
 1130 0500 06       		.byte	0x6
 1131 0501 15       		.byte	0x15
 1132 0502 23       		.uleb128 0x23
 1133 0503 05000000 		.4byte	.LASF56
 1134 0507 05000000 		.4byte	.LASF56
 1135 050b 07       		.byte	0x7
 1136 050c 18       		.byte	0x18
 1137 050d 23       		.uleb128 0x23
 1138 050e 50020000 		.4byte	.LASF57
 1139 0512 50020000 		.4byte	.LASF57
 1140 0516 08       		.byte	0x8
 1141 0517 72       		.byte	0x72
 1142 0518 23       		.uleb128 0x23
 1143 0519 63030000 		.4byte	.LASF58
 1144 051d 63030000 		.4byte	.LASF58
 1145 0521 06       		.byte	0x6
 1146 0522 1B       		.byte	0x1b
 1147 0523 23       		.uleb128 0x23
 1148 0524 5B030000 		.4byte	.LASF59
 1149 0528 5B030000 		.4byte	.LASF59
 1150 052c 09       		.byte	0x9
 1151 052d D9       		.byte	0xd9
 1152 052e 23       		.uleb128 0x23
ARM GAS  C:\Users\GJL~1.CYS\AppData\Local\Temp\cc7h6ugw.s 			page 26


 1153 052f 74020000 		.4byte	.LASF60
 1154 0533 74020000 		.4byte	.LASF60
 1155 0537 06       		.byte	0x6
 1156 0538 26       		.byte	0x26
 1157 0539 23       		.uleb128 0x23
 1158 053a 82030000 		.4byte	.LASF61
 1159 053e 82030000 		.4byte	.LASF61
 1160 0542 06       		.byte	0x6
 1161 0543 2A       		.byte	0x2a
 1162 0544 00       		.byte	0
 1163              		.section	.debug_abbrev,"",%progbits
 1164              	.Ldebug_abbrev0:
 1165 0000 01       		.uleb128 0x1
 1166 0001 11       		.uleb128 0x11
 1167 0002 01       		.byte	0x1
 1168 0003 25       		.uleb128 0x25
 1169 0004 0E       		.uleb128 0xe
 1170 0005 13       		.uleb128 0x13
 1171 0006 0B       		.uleb128 0xb
 1172 0007 03       		.uleb128 0x3
 1173 0008 0E       		.uleb128 0xe
 1174 0009 1B       		.uleb128 0x1b
 1175 000a 0E       		.uleb128 0xe
 1176 000b 55       		.uleb128 0x55
 1177 000c 17       		.uleb128 0x17
 1178 000d 11       		.uleb128 0x11
 1179 000e 01       		.uleb128 0x1
 1180 000f 10       		.uleb128 0x10
 1181 0010 17       		.uleb128 0x17
 1182 0011 00       		.byte	0
 1183 0012 00       		.byte	0
 1184 0013 02       		.uleb128 0x2
 1185 0014 24       		.uleb128 0x24
 1186 0015 00       		.byte	0
 1187 0016 0B       		.uleb128 0xb
 1188 0017 0B       		.uleb128 0xb
 1189 0018 3E       		.uleb128 0x3e
 1190 0019 0B       		.uleb128 0xb
 1191 001a 03       		.uleb128 0x3
 1192 001b 0E       		.uleb128 0xe
 1193 001c 00       		.byte	0
 1194 001d 00       		.byte	0
 1195 001e 03       		.uleb128 0x3
 1196 001f 16       		.uleb128 0x16
 1197 0020 00       		.byte	0
 1198 0021 03       		.uleb128 0x3
 1199 0022 0E       		.uleb128 0xe
 1200 0023 3A       		.uleb128 0x3a
 1201 0024 0B       		.uleb128 0xb
 1202 0025 3B       		.uleb128 0x3b
 1203 0026 0B       		.uleb128 0xb
 1204 0027 49       		.uleb128 0x49
 1205 0028 13       		.uleb128 0x13
 1206 0029 00       		.byte	0
 1207 002a 00       		.byte	0
 1208 002b 04       		.uleb128 0x4
 1209 002c 24       		.uleb128 0x24
ARM GAS  C:\Users\GJL~1.CYS\AppData\Local\Temp\cc7h6ugw.s 			page 27


 1210 002d 00       		.byte	0
 1211 002e 0B       		.uleb128 0xb
 1212 002f 0B       		.uleb128 0xb
 1213 0030 3E       		.uleb128 0x3e
 1214 0031 0B       		.uleb128 0xb
 1215 0032 03       		.uleb128 0x3
 1216 0033 08       		.uleb128 0x8
 1217 0034 00       		.byte	0
 1218 0035 00       		.byte	0
 1219 0036 05       		.uleb128 0x5
 1220 0037 16       		.uleb128 0x16
 1221 0038 00       		.byte	0
 1222 0039 03       		.uleb128 0x3
 1223 003a 0E       		.uleb128 0xe
 1224 003b 3A       		.uleb128 0x3a
 1225 003c 0B       		.uleb128 0xb
 1226 003d 3B       		.uleb128 0x3b
 1227 003e 05       		.uleb128 0x5
 1228 003f 49       		.uleb128 0x49
 1229 0040 13       		.uleb128 0x13
 1230 0041 00       		.byte	0
 1231 0042 00       		.byte	0
 1232 0043 06       		.uleb128 0x6
 1233 0044 35       		.uleb128 0x35
 1234 0045 00       		.byte	0
 1235 0046 49       		.uleb128 0x49
 1236 0047 13       		.uleb128 0x13
 1237 0048 00       		.byte	0
 1238 0049 00       		.byte	0
 1239 004a 07       		.uleb128 0x7
 1240 004b 04       		.uleb128 0x4
 1241 004c 01       		.byte	0x1
 1242 004d 0B       		.uleb128 0xb
 1243 004e 0B       		.uleb128 0xb
 1244 004f 49       		.uleb128 0x49
 1245 0050 13       		.uleb128 0x13
 1246 0051 3A       		.uleb128 0x3a
 1247 0052 0B       		.uleb128 0xb
 1248 0053 3B       		.uleb128 0x3b
 1249 0054 0B       		.uleb128 0xb
 1250 0055 01       		.uleb128 0x1
 1251 0056 13       		.uleb128 0x13
 1252 0057 00       		.byte	0
 1253 0058 00       		.byte	0
 1254 0059 08       		.uleb128 0x8
 1255 005a 28       		.uleb128 0x28
 1256 005b 00       		.byte	0
 1257 005c 03       		.uleb128 0x3
 1258 005d 0E       		.uleb128 0xe
 1259 005e 1C       		.uleb128 0x1c
 1260 005f 0B       		.uleb128 0xb
 1261 0060 00       		.byte	0
 1262 0061 00       		.byte	0
 1263 0062 09       		.uleb128 0x9
 1264 0063 13       		.uleb128 0x13
 1265 0064 01       		.byte	0x1
 1266 0065 0B       		.uleb128 0xb
ARM GAS  C:\Users\GJL~1.CYS\AppData\Local\Temp\cc7h6ugw.s 			page 28


 1267 0066 0B       		.uleb128 0xb
 1268 0067 3A       		.uleb128 0x3a
 1269 0068 0B       		.uleb128 0xb
 1270 0069 3B       		.uleb128 0x3b
 1271 006a 0B       		.uleb128 0xb
 1272 006b 01       		.uleb128 0x1
 1273 006c 13       		.uleb128 0x13
 1274 006d 00       		.byte	0
 1275 006e 00       		.byte	0
 1276 006f 0A       		.uleb128 0xa
 1277 0070 0D       		.uleb128 0xd
 1278 0071 00       		.byte	0
 1279 0072 03       		.uleb128 0x3
 1280 0073 08       		.uleb128 0x8
 1281 0074 3A       		.uleb128 0x3a
 1282 0075 0B       		.uleb128 0xb
 1283 0076 3B       		.uleb128 0x3b
 1284 0077 0B       		.uleb128 0xb
 1285 0078 49       		.uleb128 0x49
 1286 0079 13       		.uleb128 0x13
 1287 007a 38       		.uleb128 0x38
 1288 007b 0B       		.uleb128 0xb
 1289 007c 00       		.byte	0
 1290 007d 00       		.byte	0
 1291 007e 0B       		.uleb128 0xb
 1292 007f 0D       		.uleb128 0xd
 1293 0080 00       		.byte	0
 1294 0081 03       		.uleb128 0x3
 1295 0082 0E       		.uleb128 0xe
 1296 0083 3A       		.uleb128 0x3a
 1297 0084 0B       		.uleb128 0xb
 1298 0085 3B       		.uleb128 0x3b
 1299 0086 0B       		.uleb128 0xb
 1300 0087 49       		.uleb128 0x49
 1301 0088 13       		.uleb128 0x13
 1302 0089 38       		.uleb128 0x38
 1303 008a 0B       		.uleb128 0xb
 1304 008b 00       		.byte	0
 1305 008c 00       		.byte	0
 1306 008d 0C       		.uleb128 0xc
 1307 008e 17       		.uleb128 0x17
 1308 008f 01       		.byte	0x1
 1309 0090 0B       		.uleb128 0xb
 1310 0091 0B       		.uleb128 0xb
 1311 0092 3A       		.uleb128 0x3a
 1312 0093 0B       		.uleb128 0xb
 1313 0094 3B       		.uleb128 0x3b
 1314 0095 0B       		.uleb128 0xb
 1315 0096 01       		.uleb128 0x1
 1316 0097 13       		.uleb128 0x13
 1317 0098 00       		.byte	0
 1318 0099 00       		.byte	0
 1319 009a 0D       		.uleb128 0xd
 1320 009b 0D       		.uleb128 0xd
 1321 009c 00       		.byte	0
 1322 009d 03       		.uleb128 0x3
 1323 009e 0E       		.uleb128 0xe
ARM GAS  C:\Users\GJL~1.CYS\AppData\Local\Temp\cc7h6ugw.s 			page 29


 1324 009f 3A       		.uleb128 0x3a
 1325 00a0 0B       		.uleb128 0xb
 1326 00a1 3B       		.uleb128 0x3b
 1327 00a2 0B       		.uleb128 0xb
 1328 00a3 49       		.uleb128 0x49
 1329 00a4 13       		.uleb128 0x13
 1330 00a5 00       		.byte	0
 1331 00a6 00       		.byte	0
 1332 00a7 0E       		.uleb128 0xe
 1333 00a8 2E       		.uleb128 0x2e
 1334 00a9 01       		.byte	0x1
 1335 00aa 3F       		.uleb128 0x3f
 1336 00ab 19       		.uleb128 0x19
 1337 00ac 03       		.uleb128 0x3
 1338 00ad 0E       		.uleb128 0xe
 1339 00ae 3A       		.uleb128 0x3a
 1340 00af 0B       		.uleb128 0xb
 1341 00b0 3B       		.uleb128 0x3b
 1342 00b1 0B       		.uleb128 0xb
 1343 00b2 27       		.uleb128 0x27
 1344 00b3 19       		.uleb128 0x19
 1345 00b4 11       		.uleb128 0x11
 1346 00b5 01       		.uleb128 0x1
 1347 00b6 12       		.uleb128 0x12
 1348 00b7 06       		.uleb128 0x6
 1349 00b8 40       		.uleb128 0x40
 1350 00b9 18       		.uleb128 0x18
 1351 00ba 9742     		.uleb128 0x2117
 1352 00bc 19       		.uleb128 0x19
 1353 00bd 01       		.uleb128 0x1
 1354 00be 13       		.uleb128 0x13
 1355 00bf 00       		.byte	0
 1356 00c0 00       		.byte	0
 1357 00c1 0F       		.uleb128 0xf
 1358 00c2 34       		.uleb128 0x34
 1359 00c3 00       		.byte	0
 1360 00c4 03       		.uleb128 0x3
 1361 00c5 0E       		.uleb128 0xe
 1362 00c6 3A       		.uleb128 0x3a
 1363 00c7 0B       		.uleb128 0xb
 1364 00c8 3B       		.uleb128 0x3b
 1365 00c9 0B       		.uleb128 0xb
 1366 00ca 49       		.uleb128 0x49
 1367 00cb 13       		.uleb128 0x13
 1368 00cc 02       		.uleb128 0x2
 1369 00cd 18       		.uleb128 0x18
 1370 00ce 00       		.byte	0
 1371 00cf 00       		.byte	0
 1372 00d0 10       		.uleb128 0x10
 1373 00d1 34       		.uleb128 0x34
 1374 00d2 00       		.byte	0
 1375 00d3 03       		.uleb128 0x3
 1376 00d4 0E       		.uleb128 0xe
 1377 00d5 3A       		.uleb128 0x3a
 1378 00d6 0B       		.uleb128 0xb
 1379 00d7 3B       		.uleb128 0x3b
 1380 00d8 0B       		.uleb128 0xb
ARM GAS  C:\Users\GJL~1.CYS\AppData\Local\Temp\cc7h6ugw.s 			page 30


 1381 00d9 49       		.uleb128 0x49
 1382 00da 13       		.uleb128 0x13
 1383 00db 02       		.uleb128 0x2
 1384 00dc 17       		.uleb128 0x17
 1385 00dd 00       		.byte	0
 1386 00de 00       		.byte	0
 1387 00df 11       		.uleb128 0x11
 1388 00e0 898201   		.uleb128 0x4109
 1389 00e3 00       		.byte	0
 1390 00e4 11       		.uleb128 0x11
 1391 00e5 01       		.uleb128 0x1
 1392 00e6 31       		.uleb128 0x31
 1393 00e7 13       		.uleb128 0x13
 1394 00e8 00       		.byte	0
 1395 00e9 00       		.byte	0
 1396 00ea 12       		.uleb128 0x12
 1397 00eb 898201   		.uleb128 0x4109
 1398 00ee 01       		.byte	0x1
 1399 00ef 11       		.uleb128 0x11
 1400 00f0 01       		.uleb128 0x1
 1401 00f1 31       		.uleb128 0x31
 1402 00f2 13       		.uleb128 0x13
 1403 00f3 00       		.byte	0
 1404 00f4 00       		.byte	0
 1405 00f5 13       		.uleb128 0x13
 1406 00f6 8A8201   		.uleb128 0x410a
 1407 00f9 00       		.byte	0
 1408 00fa 02       		.uleb128 0x2
 1409 00fb 18       		.uleb128 0x18
 1410 00fc 9142     		.uleb128 0x2111
 1411 00fe 18       		.uleb128 0x18
 1412 00ff 00       		.byte	0
 1413 0100 00       		.byte	0
 1414 0101 14       		.uleb128 0x14
 1415 0102 2E       		.uleb128 0x2e
 1416 0103 01       		.byte	0x1
 1417 0104 3F       		.uleb128 0x3f
 1418 0105 19       		.uleb128 0x19
 1419 0106 03       		.uleb128 0x3
 1420 0107 0E       		.uleb128 0xe
 1421 0108 3A       		.uleb128 0x3a
 1422 0109 0B       		.uleb128 0xb
 1423 010a 3B       		.uleb128 0x3b
 1424 010b 0B       		.uleb128 0xb
 1425 010c 27       		.uleb128 0x27
 1426 010d 19       		.uleb128 0x19
 1427 010e 11       		.uleb128 0x11
 1428 010f 01       		.uleb128 0x1
 1429 0110 12       		.uleb128 0x12
 1430 0111 06       		.uleb128 0x6
 1431 0112 40       		.uleb128 0x40
 1432 0113 18       		.uleb128 0x18
 1433 0114 9642     		.uleb128 0x2116
 1434 0116 19       		.uleb128 0x19
 1435 0117 01       		.uleb128 0x1
 1436 0118 13       		.uleb128 0x13
 1437 0119 00       		.byte	0
ARM GAS  C:\Users\GJL~1.CYS\AppData\Local\Temp\cc7h6ugw.s 			page 31


 1438 011a 00       		.byte	0
 1439 011b 15       		.uleb128 0x15
 1440 011c 898201   		.uleb128 0x4109
 1441 011f 01       		.byte	0x1
 1442 0120 11       		.uleb128 0x11
 1443 0121 01       		.uleb128 0x1
 1444 0122 31       		.uleb128 0x31
 1445 0123 13       		.uleb128 0x13
 1446 0124 01       		.uleb128 0x1
 1447 0125 13       		.uleb128 0x13
 1448 0126 00       		.byte	0
 1449 0127 00       		.byte	0
 1450 0128 16       		.uleb128 0x16
 1451 0129 2E       		.uleb128 0x2e
 1452 012a 01       		.byte	0x1
 1453 012b 3F       		.uleb128 0x3f
 1454 012c 19       		.uleb128 0x19
 1455 012d 03       		.uleb128 0x3
 1456 012e 0E       		.uleb128 0xe
 1457 012f 3A       		.uleb128 0x3a
 1458 0130 0B       		.uleb128 0xb
 1459 0131 3B       		.uleb128 0x3b
 1460 0132 0B       		.uleb128 0xb
 1461 0133 27       		.uleb128 0x27
 1462 0134 19       		.uleb128 0x19
 1463 0135 49       		.uleb128 0x49
 1464 0136 13       		.uleb128 0x13
 1465 0137 8701     		.uleb128 0x87
 1466 0139 19       		.uleb128 0x19
 1467 013a 11       		.uleb128 0x11
 1468 013b 01       		.uleb128 0x1
 1469 013c 12       		.uleb128 0x12
 1470 013d 06       		.uleb128 0x6
 1471 013e 40       		.uleb128 0x40
 1472 013f 18       		.uleb128 0x18
 1473 0140 9742     		.uleb128 0x2117
 1474 0142 19       		.uleb128 0x19
 1475 0143 01       		.uleb128 0x1
 1476 0144 13       		.uleb128 0x13
 1477 0145 00       		.byte	0
 1478 0146 00       		.byte	0
 1479 0147 17       		.uleb128 0x17
 1480 0148 2E       		.uleb128 0x2e
 1481 0149 01       		.byte	0x1
 1482 014a 3F       		.uleb128 0x3f
 1483 014b 19       		.uleb128 0x19
 1484 014c 03       		.uleb128 0x3
 1485 014d 0E       		.uleb128 0xe
 1486 014e 3A       		.uleb128 0x3a
 1487 014f 0B       		.uleb128 0xb
 1488 0150 3B       		.uleb128 0x3b
 1489 0151 0B       		.uleb128 0xb
 1490 0152 27       		.uleb128 0x27
 1491 0153 19       		.uleb128 0x19
 1492 0154 8701     		.uleb128 0x87
 1493 0156 19       		.uleb128 0x19
 1494 0157 11       		.uleb128 0x11
ARM GAS  C:\Users\GJL~1.CYS\AppData\Local\Temp\cc7h6ugw.s 			page 32


 1495 0158 01       		.uleb128 0x1
 1496 0159 12       		.uleb128 0x12
 1497 015a 06       		.uleb128 0x6
 1498 015b 40       		.uleb128 0x40
 1499 015c 18       		.uleb128 0x18
 1500 015d 9642     		.uleb128 0x2116
 1501 015f 19       		.uleb128 0x19
 1502 0160 01       		.uleb128 0x1
 1503 0161 13       		.uleb128 0x13
 1504 0162 00       		.byte	0
 1505 0163 00       		.byte	0
 1506 0164 18       		.uleb128 0x18
 1507 0165 05       		.uleb128 0x5
 1508 0166 00       		.byte	0
 1509 0167 03       		.uleb128 0x3
 1510 0168 0E       		.uleb128 0xe
 1511 0169 3A       		.uleb128 0x3a
 1512 016a 0B       		.uleb128 0xb
 1513 016b 3B       		.uleb128 0x3b
 1514 016c 0B       		.uleb128 0xb
 1515 016d 49       		.uleb128 0x49
 1516 016e 13       		.uleb128 0x13
 1517 016f 02       		.uleb128 0x2
 1518 0170 17       		.uleb128 0x17
 1519 0171 00       		.byte	0
 1520 0172 00       		.byte	0
 1521 0173 19       		.uleb128 0x19
 1522 0174 34       		.uleb128 0x34
 1523 0175 00       		.byte	0
 1524 0176 03       		.uleb128 0x3
 1525 0177 0E       		.uleb128 0xe
 1526 0178 3A       		.uleb128 0x3a
 1527 0179 0B       		.uleb128 0xb
 1528 017a 3B       		.uleb128 0x3b
 1529 017b 0B       		.uleb128 0xb
 1530 017c 49       		.uleb128 0x49
 1531 017d 13       		.uleb128 0x13
 1532 017e 1C       		.uleb128 0x1c
 1533 017f 0B       		.uleb128 0xb
 1534 0180 00       		.byte	0
 1535 0181 00       		.byte	0
 1536 0182 1A       		.uleb128 0x1a
 1537 0183 34       		.uleb128 0x34
 1538 0184 00       		.byte	0
 1539 0185 03       		.uleb128 0x3
 1540 0186 08       		.uleb128 0x8
 1541 0187 3A       		.uleb128 0x3a
 1542 0188 0B       		.uleb128 0xb
 1543 0189 3B       		.uleb128 0x3b
 1544 018a 0B       		.uleb128 0xb
 1545 018b 49       		.uleb128 0x49
 1546 018c 13       		.uleb128 0x13
 1547 018d 02       		.uleb128 0x2
 1548 018e 17       		.uleb128 0x17
 1549 018f 00       		.byte	0
 1550 0190 00       		.byte	0
 1551 0191 1B       		.uleb128 0x1b
ARM GAS  C:\Users\GJL~1.CYS\AppData\Local\Temp\cc7h6ugw.s 			page 33


 1552 0192 34       		.uleb128 0x34
 1553 0193 00       		.byte	0
 1554 0194 03       		.uleb128 0x3
 1555 0195 0E       		.uleb128 0xe
 1556 0196 3A       		.uleb128 0x3a
 1557 0197 0B       		.uleb128 0xb
 1558 0198 3B       		.uleb128 0x3b
 1559 0199 0B       		.uleb128 0xb
 1560 019a 49       		.uleb128 0x49
 1561 019b 13       		.uleb128 0x13
 1562 019c 3F       		.uleb128 0x3f
 1563 019d 19       		.uleb128 0x19
 1564 019e 3C       		.uleb128 0x3c
 1565 019f 19       		.uleb128 0x19
 1566 01a0 00       		.byte	0
 1567 01a1 00       		.byte	0
 1568 01a2 1C       		.uleb128 0x1c
 1569 01a3 01       		.uleb128 0x1
 1570 01a4 01       		.byte	0x1
 1571 01a5 49       		.uleb128 0x49
 1572 01a6 13       		.uleb128 0x13
 1573 01a7 01       		.uleb128 0x1
 1574 01a8 13       		.uleb128 0x13
 1575 01a9 00       		.byte	0
 1576 01aa 00       		.byte	0
 1577 01ab 1D       		.uleb128 0x1d
 1578 01ac 21       		.uleb128 0x21
 1579 01ad 00       		.byte	0
 1580 01ae 00       		.byte	0
 1581 01af 00       		.byte	0
 1582 01b0 1E       		.uleb128 0x1e
 1583 01b1 26       		.uleb128 0x26
 1584 01b2 00       		.byte	0
 1585 01b3 49       		.uleb128 0x49
 1586 01b4 13       		.uleb128 0x13
 1587 01b5 00       		.byte	0
 1588 01b6 00       		.byte	0
 1589 01b7 1F       		.uleb128 0x1f
 1590 01b8 34       		.uleb128 0x34
 1591 01b9 00       		.byte	0
 1592 01ba 03       		.uleb128 0x3
 1593 01bb 0E       		.uleb128 0xe
 1594 01bc 3A       		.uleb128 0x3a
 1595 01bd 0B       		.uleb128 0xb
 1596 01be 3B       		.uleb128 0x3b
 1597 01bf 0B       		.uleb128 0xb
 1598 01c0 49       		.uleb128 0x49
 1599 01c1 13       		.uleb128 0x13
 1600 01c2 3F       		.uleb128 0x3f
 1601 01c3 19       		.uleb128 0x19
 1602 01c4 02       		.uleb128 0x2
 1603 01c5 18       		.uleb128 0x18
 1604 01c6 00       		.byte	0
 1605 01c7 00       		.byte	0
 1606 01c8 20       		.uleb128 0x20
 1607 01c9 21       		.uleb128 0x21
 1608 01ca 00       		.byte	0
ARM GAS  C:\Users\GJL~1.CYS\AppData\Local\Temp\cc7h6ugw.s 			page 34


 1609 01cb 49       		.uleb128 0x49
 1610 01cc 13       		.uleb128 0x13
 1611 01cd 2F       		.uleb128 0x2f
 1612 01ce 0B       		.uleb128 0xb
 1613 01cf 00       		.byte	0
 1614 01d0 00       		.byte	0
 1615 01d1 21       		.uleb128 0x21
 1616 01d2 2E       		.uleb128 0x2e
 1617 01d3 00       		.byte	0
 1618 01d4 3F       		.uleb128 0x3f
 1619 01d5 19       		.uleb128 0x19
 1620 01d6 3C       		.uleb128 0x3c
 1621 01d7 19       		.uleb128 0x19
 1622 01d8 6E       		.uleb128 0x6e
 1623 01d9 0E       		.uleb128 0xe
 1624 01da 03       		.uleb128 0x3
 1625 01db 0E       		.uleb128 0xe
 1626 01dc 3A       		.uleb128 0x3a
 1627 01dd 0B       		.uleb128 0xb
 1628 01de 3B       		.uleb128 0x3b
 1629 01df 05       		.uleb128 0x5
 1630 01e0 00       		.byte	0
 1631 01e1 00       		.byte	0
 1632 01e2 22       		.uleb128 0x22
 1633 01e3 2E       		.uleb128 0x2e
 1634 01e4 00       		.byte	0
 1635 01e5 3F       		.uleb128 0x3f
 1636 01e6 19       		.uleb128 0x19
 1637 01e7 3C       		.uleb128 0x3c
 1638 01e8 19       		.uleb128 0x19
 1639 01e9 6E       		.uleb128 0x6e
 1640 01ea 0E       		.uleb128 0xe
 1641 01eb 03       		.uleb128 0x3
 1642 01ec 0E       		.uleb128 0xe
 1643 01ed 00       		.byte	0
 1644 01ee 00       		.byte	0
 1645 01ef 23       		.uleb128 0x23
 1646 01f0 2E       		.uleb128 0x2e
 1647 01f1 00       		.byte	0
 1648 01f2 3F       		.uleb128 0x3f
 1649 01f3 19       		.uleb128 0x19
 1650 01f4 3C       		.uleb128 0x3c
 1651 01f5 19       		.uleb128 0x19
 1652 01f6 6E       		.uleb128 0x6e
 1653 01f7 0E       		.uleb128 0xe
 1654 01f8 03       		.uleb128 0x3
 1655 01f9 0E       		.uleb128 0xe
 1656 01fa 3A       		.uleb128 0x3a
 1657 01fb 0B       		.uleb128 0xb
 1658 01fc 3B       		.uleb128 0x3b
 1659 01fd 0B       		.uleb128 0xb
 1660 01fe 00       		.byte	0
 1661 01ff 00       		.byte	0
 1662 0200 00       		.byte	0
 1663              		.section	.debug_loc,"",%progbits
 1664              	.Ldebug_loc0:
 1665              	.LLST0:
ARM GAS  C:\Users\GJL~1.CYS\AppData\Local\Temp\cc7h6ugw.s 			page 35


 1666 0000 1A000000 		.4byte	.LVL4
 1667 0004 30000000 		.4byte	.LVL5
 1668 0008 0100     		.2byte	0x1
 1669 000a 50       		.byte	0x50
 1670 000b 30000000 		.4byte	.LVL5
 1671 000f 33000000 		.4byte	.LVL6-1
 1672 0013 0500     		.2byte	0x5
 1673 0015 71       		.byte	0x71
 1674 0016 00       		.sleb128 0
 1675 0017 72       		.byte	0x72
 1676 0018 00       		.sleb128 0
 1677 0019 22       		.byte	0x22
 1678 001a 3A000000 		.4byte	.LVL7
 1679 001e 4A000000 		.4byte	.LVL8
 1680 0022 0100     		.2byte	0x1
 1681 0024 50       		.byte	0x50
 1682 0025 00000000 		.4byte	0
 1683 0029 00000000 		.4byte	0
 1684              	.LLST1:
 1685 002d 06000000 		.4byte	.LVL0
 1686 0031 10000000 		.4byte	.LVL1
 1687 0035 0300     		.2byte	0x3
 1688 0037 08       		.byte	0x8
 1689 0038 20       		.byte	0x20
 1690 0039 9F       		.byte	0x9f
 1691 003a 10000000 		.4byte	.LVL1
 1692 003e 68000000 		.4byte	.LFE37
 1693 0042 0200     		.2byte	0x2
 1694 0044 34       		.byte	0x34
 1695 0045 9F       		.byte	0x9f
 1696 0046 00000000 		.4byte	0
 1697 004a 00000000 		.4byte	0
 1698              	.LLST2:
 1699 004e 06000000 		.4byte	.LVL0
 1700 0052 14000000 		.4byte	.LVL2
 1701 0056 0100     		.2byte	0x1
 1702 0058 53       		.byte	0x53
 1703 0059 00000000 		.4byte	0
 1704 005d 00000000 		.4byte	0
 1705              	.LLST3:
 1706 0061 3C000000 		.4byte	.LVL12
 1707 0065 62000000 		.4byte	.LVL17
 1708 0069 0100     		.2byte	0x1
 1709 006b 56       		.byte	0x56
 1710 006c 00000000 		.4byte	0
 1711 0070 00000000 		.4byte	0
 1712              	.LLST4:
 1713 0074 82000000 		.4byte	.LVL21
 1714 0078 AA000000 		.4byte	.LVL27
 1715 007c 0100     		.2byte	0x1
 1716 007e 56       		.byte	0x56
 1717 007f 00000000 		.4byte	0
 1718 0083 00000000 		.4byte	0
 1719              	.LLST5:
 1720 0087 38000000 		.4byte	.LVL11
 1721 008b 3C000000 		.4byte	.LVL12
 1722 008f 0200     		.2byte	0x2
ARM GAS  C:\Users\GJL~1.CYS\AppData\Local\Temp\cc7h6ugw.s 			page 36


 1723 0091 30       		.byte	0x30
 1724 0092 9F       		.byte	0x9f
 1725 0093 3C000000 		.4byte	.LVL12
 1726 0097 58000000 		.4byte	.LVL15
 1727 009b 0100     		.2byte	0x1
 1728 009d 54       		.byte	0x54
 1729 009e 5A000000 		.4byte	.LVL16
 1730 00a2 7E000000 		.4byte	.LVL20
 1731 00a6 0100     		.2byte	0x1
 1732 00a8 54       		.byte	0x54
 1733 00a9 7E000000 		.4byte	.LVL20
 1734 00ad 82000000 		.4byte	.LVL21
 1735 00b1 0200     		.2byte	0x2
 1736 00b3 30       		.byte	0x30
 1737 00b4 9F       		.byte	0x9f
 1738 00b5 82000000 		.4byte	.LVL21
 1739 00b9 9E000000 		.4byte	.LVL24
 1740 00bd 0100     		.2byte	0x1
 1741 00bf 54       		.byte	0x54
 1742 00c0 A0000000 		.4byte	.LVL25
 1743 00c4 AA000000 		.4byte	.LVL26
 1744 00c8 0100     		.2byte	0x1
 1745 00ca 54       		.byte	0x54
 1746 00cb 00000000 		.4byte	0
 1747 00cf 00000000 		.4byte	0
 1748              	.LLST6:
 1749 00d3 38000000 		.4byte	.LVL11
 1750 00d7 AA000000 		.4byte	.LVL26
 1751 00db 0100     		.2byte	0x1
 1752 00dd 55       		.byte	0x55
 1753 00de 00000000 		.4byte	0
 1754 00e2 00000000 		.4byte	0
 1755              	.LLST7:
 1756 00e6 00000000 		.4byte	.LVL35
 1757 00ea 0C000000 		.4byte	.LVL37
 1758 00ee 0100     		.2byte	0x1
 1759 00f0 50       		.byte	0x50
 1760 00f1 0C000000 		.4byte	.LVL37
 1761 00f5 8C000000 		.4byte	.LFE38
 1762 00f9 0200     		.2byte	0x2
 1763 00fb 91       		.byte	0x91
 1764 00fc 64       		.sleb128 -28
 1765 00fd 00000000 		.4byte	0
 1766 0101 00000000 		.4byte	0
 1767              	.LLST8:
 1768 0105 00000000 		.4byte	.LVL35
 1769 0109 0F000000 		.4byte	.LVL38-1
 1770 010d 0100     		.2byte	0x1
 1771 010f 51       		.byte	0x51
 1772 0110 0F000000 		.4byte	.LVL38-1
 1773 0114 8C000000 		.4byte	.LFE38
 1774 0118 0400     		.2byte	0x4
 1775 011a F3       		.byte	0xf3
 1776 011b 01       		.uleb128 0x1
 1777 011c 51       		.byte	0x51
 1778 011d 9F       		.byte	0x9f
 1779 011e 00000000 		.4byte	0
ARM GAS  C:\Users\GJL~1.CYS\AppData\Local\Temp\cc7h6ugw.s 			page 37


 1780 0122 00000000 		.4byte	0
 1781              	.LLST9:
 1782 0126 0A000000 		.4byte	.LVL36
 1783 012a 14000000 		.4byte	.LVL39
 1784 012e 0200     		.2byte	0x2
 1785 0130 30       		.byte	0x30
 1786 0131 9F       		.byte	0x9f
 1787 0132 1A000000 		.4byte	.LVL40
 1788 0136 5A000000 		.4byte	.LVL51
 1789 013a 0100     		.2byte	0x1
 1790 013c 57       		.byte	0x57
 1791 013d 5C000000 		.4byte	.LVL52
 1792 0141 7A000000 		.4byte	.LVL56
 1793 0145 0100     		.2byte	0x1
 1794 0147 57       		.byte	0x57
 1795 0148 00000000 		.4byte	0
 1796 014c 00000000 		.4byte	0
 1797              	.LLST10:
 1798 0150 0A000000 		.4byte	.LVL36
 1799 0154 14000000 		.4byte	.LVL39
 1800 0158 0200     		.2byte	0x2
 1801 015a 30       		.byte	0x30
 1802 015b 9F       		.byte	0x9f
 1803 015c 14000000 		.4byte	.LVL39
 1804 0160 8C000000 		.4byte	.LFE38
 1805 0164 0100     		.2byte	0x1
 1806 0166 58       		.byte	0x58
 1807 0167 00000000 		.4byte	0
 1808 016b 00000000 		.4byte	0
 1809              	.LLST11:
 1810 016f 0A000000 		.4byte	.LVL36
 1811 0173 1A000000 		.4byte	.LVL40
 1812 0177 0200     		.2byte	0x2
 1813 0179 30       		.byte	0x30
 1814 017a 9F       		.byte	0x9f
 1815 017b 1A000000 		.4byte	.LVL40
 1816 017f 5A000000 		.4byte	.LVL51
 1817 0183 0200     		.2byte	0x2
 1818 0185 7D       		.byte	0x7d
 1819 0186 00       		.sleb128 0
 1820 0187 5A000000 		.4byte	.LVL51
 1821 018b 5C000000 		.4byte	.LVL52
 1822 018f 0100     		.2byte	0x1
 1823 0191 53       		.byte	0x53
 1824 0192 5C000000 		.4byte	.LVL52
 1825 0196 8C000000 		.4byte	.LFE38
 1826 019a 0200     		.2byte	0x2
 1827 019c 7D       		.byte	0x7d
 1828 019d 00       		.sleb128 0
 1829 019e 00000000 		.4byte	0
 1830 01a2 00000000 		.4byte	0
 1831              	.LLST12:
 1832 01a6 38000000 		.4byte	.LVL43
 1833 01aa 5A000000 		.4byte	.LVL51
 1834 01ae 0100     		.2byte	0x1
 1835 01b0 55       		.byte	0x55
 1836 01b1 00000000 		.4byte	0
ARM GAS  C:\Users\GJL~1.CYS\AppData\Local\Temp\cc7h6ugw.s 			page 38


 1837 01b5 00000000 		.4byte	0
 1838              	.LLST13:
 1839 01b9 44000000 		.4byte	.LVL45
 1840 01bd 4B000000 		.4byte	.LVL46-1
 1841 01c1 0100     		.2byte	0x1
 1842 01c3 51       		.byte	0x51
 1843 01c4 00000000 		.4byte	0
 1844 01c8 00000000 		.4byte	0
 1845              	.LLST14:
 1846 01cc 4E000000 		.4byte	.LVL47
 1847 01d0 52000000 		.4byte	.LVL48
 1848 01d4 0100     		.2byte	0x1
 1849 01d6 50       		.byte	0x50
 1850 01d7 52000000 		.4byte	.LVL48
 1851 01db 55000000 		.4byte	.LVL49-1
 1852 01df 0100     		.2byte	0x1
 1853 01e1 52       		.byte	0x52
 1854 01e2 00000000 		.4byte	0
 1855 01e6 00000000 		.4byte	0
 1856              		.section	.debug_aranges,"",%progbits
 1857 0000 34000000 		.4byte	0x34
 1858 0004 0200     		.2byte	0x2
 1859 0006 00000000 		.4byte	.Ldebug_info0
 1860 000a 04       		.byte	0x4
 1861 000b 00       		.byte	0
 1862 000c 0000     		.2byte	0
 1863 000e 0000     		.2byte	0
 1864 0010 00000000 		.4byte	.LFB37
 1865 0014 68000000 		.4byte	.LFE37-.LFB37
 1866 0018 00000000 		.4byte	.LFB36
 1867 001c B4000000 		.4byte	.LFE36-.LFB36
 1868 0020 00000000 		.4byte	.LFB35
 1869 0024 3C000000 		.4byte	.LFE35-.LFB35
 1870 0028 00000000 		.4byte	.LFB38
 1871 002c 8C000000 		.4byte	.LFE38-.LFB38
 1872 0030 00000000 		.4byte	0
 1873 0034 00000000 		.4byte	0
 1874              		.section	.debug_ranges,"",%progbits
 1875              	.Ldebug_ranges0:
 1876 0000 00000000 		.4byte	.LFB37
 1877 0004 68000000 		.4byte	.LFE37
 1878 0008 00000000 		.4byte	.LFB36
 1879 000c B4000000 		.4byte	.LFE36
 1880 0010 00000000 		.4byte	.LFB35
 1881 0014 3C000000 		.4byte	.LFE35
 1882 0018 00000000 		.4byte	.LFB38
 1883 001c 8C000000 		.4byte	.LFE38
 1884 0020 00000000 		.4byte	0
 1885 0024 00000000 		.4byte	0
 1886              		.section	.debug_line,"",%progbits
 1887              	.Ldebug_line0:
 1888 0000 7F020000 		.section	.debug_str,"MS",%progbits,1
 1888      02009001 
 1888      00000201 
 1888      FB0E0D00 
 1888      01010101 
 1889              	.LASF30:
ARM GAS  C:\Users\GJL~1.CYS\AppData\Local\Temp\cc7h6ugw.s 			page 39


 1890 0000 776F7264 		.ascii	"word\000"
 1890      00
 1891              	.LASF56:
 1892 0005 6973725F 		.ascii	"isr_UART_RX_StartEx\000"
 1892      55415254 
 1892      5F52585F 
 1892      53746172 
 1892      74457800 
 1893              	.LASF52:
 1894 0019 55415254 		.ascii	"UART_DEB_UartGetByte\000"
 1894      5F444542 
 1894      5F556172 
 1894      74476574 
 1894      42797465 
 1895              	.LASF47:
 1896 002e 636F6C6F 		.ascii	"color\000"
 1896      7200
 1897              	.LASF65:
 1898 0034 6D61696E 		.ascii	"main\000"
 1898      00
 1899              	.LASF31:
 1900 0039 434F4C4F 		.ascii	"COLOR_T\000"
 1900      525F5400 
 1901              	.LASF28:
 1902 0041 434F4C4F 		.ascii	"COLOR_STRUCT_T\000"
 1902      525F5354 
 1902      52554354 
 1902      5F5400
 1903              	.LASF27:
 1904 0050 6E6F6E65 		.ascii	"none\000"
 1904      00
 1905              	.LASF67:
 1906 0055 6D656D63 		.ascii	"memcpy\000"
 1906      707900
 1907              	.LASF44:
 1908 005c 74696D65 		.ascii	"timeCnt\000"
 1908      436E7400 
 1909              	.LASF2:
 1910 0064 73686F72 		.ascii	"short int\000"
 1910      7420696E 
 1910      7400
 1911              	.LASF25:
 1912 006e 626C7565 		.ascii	"blue\000"
 1912      00
 1913              	.LASF24:
 1914 0073 52585F53 		.ascii	"RX_STATUS_T\000"
 1914      54415455 
 1914      535F5400 
 1915              	.LASF62:
 1916 007f 474E5520 		.ascii	"GNU C11 5.4.1 20160609 (release) [ARM/embedded-5-br"
 1916      43313120 
 1916      352E342E 
 1916      31203230 
 1916      31363036 
 1917 00b2 616E6368 		.ascii	"anch revision 237715] -mcpu=cortex-m0 -mthumb -g -O"
 1917      20726576 
 1917      6973696F 
ARM GAS  C:\Users\GJL~1.CYS\AppData\Local\Temp\cc7h6ugw.s 			page 40


 1917      6E203233 
 1917      37373135 
 1918 00e5 67202D66 		.ascii	"g -ffunction-sections -ffat-lto-objects\000"
 1918      66756E63 
 1918      74696F6E 
 1918      2D736563 
 1918      74696F6E 
 1919              	.LASF37:
 1920 010d 72656164 		.ascii	"readLEDcommand\000"
 1920      4C454463 
 1920      6F6D6D61 
 1920      6E6400
 1921              	.LASF40:
 1922 011c 696E6465 		.ascii	"index\000"
 1922      7800
 1923              	.LASF13:
 1924 0122 75696E74 		.ascii	"uint8\000"
 1924      3800
 1925              	.LASF54:
 1926 0128 53747269 		.ascii	"StripLights_Trigger\000"
 1926      704C6967 
 1926      6874735F 
 1926      54726967 
 1926      67657200 
 1927              	.LASF45:
 1928 013c 66726F6D 		.ascii	"fromColor\000"
 1928      436F6C6F 
 1928      7200
 1929              	.LASF42:
 1930 0146 64656C61 		.ascii	"delay\000"
 1930      7900
 1931              	.LASF16:
 1932 014c 666C6F61 		.ascii	"float\000"
 1932      7400
 1933              	.LASF8:
 1934 0152 6C6F6E67 		.ascii	"long long int\000"
 1934      206C6F6E 
 1934      6720696E 
 1934      7400
 1935              	.LASF23:
 1936 0160 52585F43 		.ascii	"RX_CMD_RCVD\000"
 1936      4D445F52 
 1936      43564400 
 1937              	.LASF4:
 1938 016c 6C6F6E67 		.ascii	"long int\000"
 1938      20696E74 
 1938      00
 1939              	.LASF29:
 1940 0175 62797465 		.ascii	"bytes\000"
 1940      7300
 1941              	.LASF5:
 1942 017b 5F5F7569 		.ascii	"__uint8_t\000"
 1942      6E74385F 
 1942      7400
 1943              	.LASF26:
 1944 0185 67726565 		.ascii	"green\000"
 1944      6E00
ARM GAS  C:\Users\GJL~1.CYS\AppData\Local\Temp\cc7h6ugw.s 			page 41


 1945              	.LASF36:
 1946 018b 52585F69 		.ascii	"RX_interrupt\000"
 1946      6E746572 
 1946      72757074 
 1946      00
 1947              	.LASF32:
 1948 0198 5258696E 		.ascii	"RXincomingptr\000"
 1948      636F6D69 
 1948      6E677074 
 1948      7200
 1949              	.LASF35:
 1950 01a6 63617573 		.ascii	"cause\000"
 1950      6500
 1951              	.LASF20:
 1952 01ac 6C6F6E67 		.ascii	"long double\000"
 1952      20646F75 
 1952      626C6500 
 1953              	.LASF22:
 1954 01b8 52585F57 		.ascii	"RX_WAITING\000"
 1954      41495449 
 1954      4E4700
 1955              	.LASF49:
 1956 01c3 72785374 		.ascii	"rxStatus\000"
 1956      61747573 
 1956      00
 1957              	.LASF1:
 1958 01cc 756E7369 		.ascii	"unsigned char\000"
 1958      676E6564 
 1958      20636861 
 1958      7200
 1959              	.LASF64:
 1960 01da 433A5C47 		.ascii	"C:\\Git\\electronica2018\\led_controller\\firmware\\"
 1960      69745C65 
 1960      6C656374 
 1960      726F6E69 
 1960      63613230 
 1961 0209 45313864 		.ascii	"E18demo.cydsn\000"
 1961      656D6F2E 
 1961      63796473 
 1961      6E00
 1962              	.LASF0:
 1963 0217 7369676E 		.ascii	"signed char\000"
 1963      65642063 
 1963      68617200 
 1964              	.LASF9:
 1965 0223 6C6F6E67 		.ascii	"long long unsigned int\000"
 1965      206C6F6E 
 1965      6720756E 
 1965      7369676E 
 1965      65642069 
 1966              	.LASF12:
 1967 023a 75696E74 		.ascii	"uint32_t\000"
 1967      33325F74 
 1967      00
 1968              	.LASF10:
 1969 0243 756E7369 		.ascii	"unsigned int\000"
 1969      676E6564 
ARM GAS  C:\Users\GJL~1.CYS\AppData\Local\Temp\cc7h6ugw.s 			page 42


 1969      20696E74 
 1969      00
 1970              	.LASF57:
 1971 0250 55415254 		.ascii	"UART_DEB_Start\000"
 1971      5F444542 
 1971      5F537461 
 1971      727400
 1972              	.LASF43:
 1973 025f 74696D65 		.ascii	"time\000"
 1973      00
 1974              	.LASF19:
 1975 0264 72656733 		.ascii	"reg32\000"
 1975      3200
 1976              	.LASF38:
 1977 026a 6C656674 		.ascii	"leftColor\000"
 1977      436F6C6F 
 1977      7200
 1978              	.LASF60:
 1979 0274 53747269 		.ascii	"StripLights_Dim\000"
 1979      704C6967 
 1979      6874735F 
 1979      44696D00 
 1980              	.LASF3:
 1981 0284 73686F72 		.ascii	"short unsigned int\000"
 1981      7420756E 
 1981      7369676E 
 1981      65642069 
 1981      6E7400
 1982              	.LASF48:
 1983 0297 53747269 		.ascii	"StripLights_CLUT\000"
 1983      704C6967 
 1983      6874735F 
 1983      434C5554 
 1983      00
 1984              	.LASF50:
 1985 02a8 696E636F 		.ascii	"incomingbytes\000"
 1985      6D696E67 
 1985      62797465 
 1985      7300
 1986              	.LASF18:
 1987 02b6 63686172 		.ascii	"char\000"
 1987      00
 1988              	.LASF39:
 1989 02bb 72696768 		.ascii	"rightColor\000"
 1989      74436F6C 
 1989      6F7200
 1990              	.LASF14:
 1991 02c6 75696E74 		.ascii	"uint32\000"
 1991      333200
 1992              	.LASF63:
 1993 02cd 6D61696E 		.ascii	"main.c\000"
 1993      2E6300
 1994              	.LASF7:
 1995 02d4 6C6F6E67 		.ascii	"long unsigned int\000"
 1995      20756E73 
 1995      69676E65 
 1995      6420696E 
ARM GAS  C:\Users\GJL~1.CYS\AppData\Local\Temp\cc7h6ugw.s 			page 43


 1995      7400
 1996              	.LASF15:
 1997 02e6 696E7433 		.ascii	"int32\000"
 1997      3200
 1998              	.LASF17:
 1999 02ec 646F7562 		.ascii	"double\000"
 1999      6C6500
 2000              	.LASF66:
 2001 02f3 536C6F77 		.ascii	"SlowColorBlend\000"
 2001      436F6C6F 
 2001      72426C65 
 2001      6E6400
 2002              	.LASF6:
 2003 0302 5F5F7569 		.ascii	"__uint32_t\000"
 2003      6E743332 
 2003      5F7400
 2004              	.LASF51:
 2005 030d 696E636F 		.ascii	"incomingCmd\000"
 2005      6D696E67 
 2005      436D6400 
 2006              	.LASF41:
 2007 0319 6C657665 		.ascii	"level\000"
 2007      6C00
 2008              	.LASF11:
 2009 031f 75696E74 		.ascii	"uint8_t\000"
 2009      385F7400 
 2010              	.LASF53:
 2011 0327 53747269 		.ascii	"StripLights_Pixel\000"
 2011      704C6967 
 2011      6874735F 
 2011      50697865 
 2011      6C00
 2012              	.LASF21:
 2013 0339 73697A65 		.ascii	"sizetype\000"
 2013      74797065 
 2013      00
 2014              	.LASF33:
 2015 0342 52586279 		.ascii	"RXbyte\000"
 2015      746500
 2016              	.LASF55:
 2017 0349 53747269 		.ascii	"StripLights_Start\000"
 2017      704C6967 
 2017      6874735F 
 2017      53746172 
 2017      7400
 2018              	.LASF59:
 2019 035b 43794465 		.ascii	"CyDelay\000"
 2019      6C617900 
 2020              	.LASF58:
 2021 0363 53747269 		.ascii	"StripLights_Ready\000"
 2021      704C6967 
 2021      6874735F 
 2021      52656164 
 2021      7900
 2022              	.LASF46:
 2023 0375 746F436F 		.ascii	"toColor\000"
 2023      6C6F7200 
ARM GAS  C:\Users\GJL~1.CYS\AppData\Local\Temp\cc7h6ugw.s 			page 44


 2024              	.LASF34:
 2025 037d 6D61736B 		.ascii	"mask\000"
 2025      00
 2026              	.LASF61:
 2027 0382 53747269 		.ascii	"StripLights_RgbBlend\000"
 2027      704C6967 
 2027      6874735F 
 2027      52676242 
 2027      6C656E64 
 2028              		.ident	"GCC: (GNU Tools for ARM Embedded Processors) 5.4.1 20160609 (release) [ARM/embedded-5-bran
