--------------- Rebuild Started: 10/10/2018 11:10:22 Project: E18demo, Configuration: ARM GCC 5.4-2016-q2-update Debug ---------------
Deleting file ".\CortexM0\ARM_GCC_541\Debug\main.o"
Deleting file ".\CortexM0\ARM_GCC_541\Debug\cyfitter_cfg.o"
Deleting file ".\CortexM0\ARM_GCC_541\Debug\cymetadata.o"
Deleting file ".\CortexM0\ARM_GCC_541\Debug\StripLights.o"
Deleting file ".\CortexM0\ARM_GCC_541\Debug\StripLights_fonts.o"
Deleting file ".\CortexM0\ARM_GCC_541\Debug\S0.o"
Deleting file ".\CortexM0\ARM_GCC_541\Debug\S0_PM.o"
Deleting file ".\CortexM0\ARM_GCC_541\Debug\SW1.o"
Deleting file ".\CortexM0\ARM_GCC_541\Debug\SW1_PM.o"
Deleting file ".\CortexM0\ARM_GCC_541\Debug\StripLights_cisr.o"
Deleting file ".\CortexM0\ARM_GCC_541\Debug\StripLights_fisr.o"
Deleting file ".\CortexM0\ARM_GCC_541\Debug\StripLights_StringSel.o"
Deleting file ".\CortexM0\ARM_GCC_541\Debug\StripLights_StringSel_PM.o"
Deleting file ".\CortexM0\ARM_GCC_541\Debug\cy_em_eeprom.o"
Deleting file ".\CortexM0\ARM_GCC_541\Debug\Cm0Start.o"
Deleting file ".\CortexM0\ARM_GCC_541\Debug\CyFlash.o"
Deleting file ".\CortexM0\ARM_GCC_541\Debug\CyLib.o"
Deleting file ".\CortexM0\ARM_GCC_541\Debug\cyPm.o"
Deleting file ".\CortexM0\ARM_GCC_541\Debug\cyutils.o"
Deleting file ".\CortexM0\ARM_GCC_541\Debug\CyBootAsmGnu.o"
Deleting file ".\CortexM0\ARM_GCC_541\Debug\CyLFClk.o"
Deleting file ".\CortexM0\ARM_GCC_541\Debug\StripLights_Clock_1.o"
Deleting file ".\CortexM0\ARM_GCC_541\Debug\UART_DEB.o"
Deleting file ".\CortexM0\ARM_GCC_541\Debug\UART_DEB_SPI_UART.o"
Deleting file ".\CortexM0\ARM_GCC_541\Debug\UART_DEB_SPI_UART_INT.o"
Deleting file ".\CortexM0\ARM_GCC_541\Debug\UART_DEB_PM.o"
Deleting file ".\CortexM0\ARM_GCC_541\Debug\UART_DEB_UART.o"
Deleting file ".\CortexM0\ARM_GCC_541\Debug\UART_DEB_BOOT.o"
Deleting file ".\CortexM0\ARM_GCC_541\Debug\UART_DEB_UART_BOOT.o"
Deleting file ".\CortexM0\ARM_GCC_541\Debug\isr_UART_RX.o"
Deleting file ".\CortexM0\ARM_GCC_541\Debug\UART_DEB_SCBCLK.o"
Deleting file ".\CortexM0\ARM_GCC_541\Debug\UART_DEB_tx.o"
Deleting file ".\CortexM0\ARM_GCC_541\Debug\UART_DEB_tx_PM.o"
Deleting file ".\CortexM0\ARM_GCC_541\Debug\UART_DEB_rx.o"
Deleting file ".\CortexM0\ARM_GCC_541\Debug\UART_DEB_rx_PM.o"
Deleting file ".\CortexM0\ARM_GCC_541\Debug\S1.o"
Deleting file ".\CortexM0\ARM_GCC_541\Debug\S1_PM.o"
Deleting file ".\CortexM0\ARM_GCC_541\Debug\E18demo.hex"
Deleting file ".\CortexM0\ARM_GCC_541\Debug\E18demo.elf"
Deleting file ".\CortexM0\ARM_GCC_541\Debug\E18demo.map"
Deleting file ".\E18demo.cycdx"
Deleting file ".\E18demo.svd"
Deleting file ".\E18demo.rpt"
Deleting file ".\E18demo_timing.html"
Deleting file ".\CortexM0\ARM_GCC_541\Debug\.deps\SOURCE_C__ARM_GCC_GENERIC.P"
Deleting file ".\CortexM0\ARM_GCC_541\Debug\.deps\SOURCE_ASM__ARM_GCC_GENERIC.P"
cydsfit.exe -.appdatapath "C:\Users\kmwh\AppData\Local\Cypress Semiconductor\PSoC Creator\4.2" -.fdsnotice -.fdswarpdepfile=warp_dependencies.txt -.fdselabdepfile=elab_dependencies.txt -.fdsbldfile=generated_files.txt -.fdsreffile=referenced_files.txt -p C:\Users\kmwh\Documents\electronica-demo\FunWithLEDs\FunWithLEDs\E18demo.cydsn\E18demo.cyprj -d CY8C4247LQI-BL483 -s C:\Users\kmwh\Documents\electronica-demo\FunWithLEDs\FunWithLEDs\E18demo.cydsn\Generated_Source\PSoC4 -- -yv2 -q10 -ygs -o2 -v3 -.fftcfgtype=LE
Elaborating Design...
HDL Generation...
Synthesis...
Tech Mapping...
ADD: pft.M0040: information: The following 2 pin(s) will be assigned a location by the fitter: \UART_DEB:rx(0)\, \UART_DEB:tx(0)\
Analog Placement...
Analog Routing...
Analog Code Generation...
Digital Placement...
Digital Routing...
Bitstream Generation...
Bitstream Verification...
Static timing analysis...
API Generation...
Dependency Generation...
Cleanup...
arm-none-eabi-gcc.exe -mcpu=cortex-m0 -mthumb -I. -IGenerated_Source\PSoC4 -Wa,-alh=.\CortexM0\ARM_GCC_541\Debug/main.lst -g -D DEBUG -D CY_CORE_ID=0 -Wall -ffunction-sections -ffat-lto-objects -Og -c main.c -o .\CortexM0\ARM_GCC_541\Debug\main.o
arm-none-eabi-gcc.exe -mcpu=cortex-m0 -mthumb -I. -IGenerated_Source\PSoC4 -Wa,-alh=.\CortexM0\ARM_GCC_541\Debug/cyfitter_cfg.lst -g -D DEBUG -D CY_CORE_ID=0 -Wall -ffunction-sections -ffat-lto-objects -Og -c Generated_Source\PSoC4\cyfitter_cfg.c -o .\CortexM0\ARM_GCC_541\Debug\cyfitter_cfg.o
arm-none-eabi-gcc.exe -mcpu=cortex-m0 -mthumb -I. -IGenerated_Source\PSoC4 -Wa,-alh=.\CortexM0\ARM_GCC_541\Debug/cymetadata.lst -g -D DEBUG -D CY_CORE_ID=0 -Wall -ffunction-sections -ffat-lto-objects -Og -c Generated_Source\PSoC4\cymetadata.c -o .\CortexM0\ARM_GCC_541\Debug\cymetadata.o
arm-none-eabi-gcc.exe -mcpu=cortex-m0 -mthumb -I. -IGenerated_Source\PSoC4 -Wa,-alh=.\CortexM0\ARM_GCC_541\Debug/StripLights.lst -g -D DEBUG -D CY_CORE_ID=0 -Wall -ffunction-sections -ffat-lto-objects -Og -c Generated_Source\PSoC4\StripLights.c -o .\CortexM0\ARM_GCC_541\Debug\StripLights.o
arm-none-eabi-gcc.exe -mcpu=cortex-m0 -mthumb -I. -IGenerated_Source\PSoC4 -Wa,-alh=.\CortexM0\ARM_GCC_541\Debug/StripLights_fonts.lst -g -D DEBUG -D CY_CORE_ID=0 -Wall -ffunction-sections -ffat-lto-objects -Og -c Generated_Source\PSoC4\StripLights_fonts.c -o .\CortexM0\ARM_GCC_541\Debug\StripLights_fonts.o
arm-none-eabi-gcc.exe -mcpu=cortex-m0 -mthumb -I. -IGenerated_Source\PSoC4 -Wa,-alh=.\CortexM0\ARM_GCC_541\Debug/S0.lst -g -D DEBUG -D CY_CORE_ID=0 -Wall -ffunction-sections -ffat-lto-objects -Og -c Generated_Source\PSoC4\S0.c -o .\CortexM0\ARM_GCC_541\Debug\S0.o
arm-none-eabi-gcc.exe -mcpu=cortex-m0 -mthumb -I. -IGenerated_Source\PSoC4 -Wa,-alh=.\CortexM0\ARM_GCC_541\Debug/S0_PM.lst -g -D DEBUG -D CY_CORE_ID=0 -Wall -ffunction-sections -ffat-lto-objects -Og -c Generated_Source\PSoC4\S0_PM.c -o .\CortexM0\ARM_GCC_541\Debug\S0_PM.o
arm-none-eabi-gcc.exe -mcpu=cortex-m0 -mthumb -I. -IGenerated_Source\PSoC4 -Wa,-alh=.\CortexM0\ARM_GCC_541\Debug/SW1.lst -g -D DEBUG -D CY_CORE_ID=0 -Wall -ffunction-sections -ffat-lto-objects -Og -c Generated_Source\PSoC4\SW1.c -o .\CortexM0\ARM_GCC_541\Debug\SW1.o
arm-none-eabi-gcc.exe -mcpu=cortex-m0 -mthumb -I. -IGenerated_Source\PSoC4 -Wa,-alh=.\CortexM0\ARM_GCC_541\Debug/SW1_PM.lst -g -D DEBUG -D CY_CORE_ID=0 -Wall -ffunction-sections -ffat-lto-objects -Og -c Generated_Source\PSoC4\SW1_PM.c -o .\CortexM0\ARM_GCC_541\Debug\SW1_PM.o
arm-none-eabi-gcc.exe -mcpu=cortex-m0 -mthumb -I. -IGenerated_Source\PSoC4 -Wa,-alh=.\CortexM0\ARM_GCC_541\Debug/StripLights_cisr.lst -g -D DEBUG -D CY_CORE_ID=0 -Wall -ffunction-sections -ffat-lto-objects -Og -c Generated_Source\PSoC4\StripLights_cisr.c -o .\CortexM0\ARM_GCC_541\Debug\StripLights_cisr.o
arm-none-eabi-gcc.exe -mcpu=cortex-m0 -mthumb -I. -IGenerated_Source\PSoC4 -Wa,-alh=.\CortexM0\ARM_GCC_541\Debug/StripLights_fisr.lst -g -D DEBUG -D CY_CORE_ID=0 -Wall -ffunction-sections -ffat-lto-objects -Og -c Generated_Source\PSoC4\StripLights_fisr.c -o .\CortexM0\ARM_GCC_541\Debug\StripLights_fisr.o
arm-none-eabi-gcc.exe -mcpu=cortex-m0 -mthumb -I. -IGenerated_Source\PSoC4 -Wa,-alh=.\CortexM0\ARM_GCC_541\Debug/StripLights_StringSel.lst -g -D DEBUG -D CY_CORE_ID=0 -Wall -ffunction-sections -ffat-lto-objects -Og -c Generated_Source\PSoC4\StripLights_StringSel.c -o .\CortexM0\ARM_GCC_541\Debug\StripLights_StringSel.o
arm-none-eabi-gcc.exe -mcpu=cortex-m0 -mthumb -I. -IGenerated_Source\PSoC4 -Wa,-alh=.\CortexM0\ARM_GCC_541\Debug/StripLights_StringSel_PM.lst -g -D DEBUG -D CY_CORE_ID=0 -Wall -ffunction-sections -ffat-lto-objects -Og -c Generated_Source\PSoC4\StripLights_StringSel_PM.c -o .\CortexM0\ARM_GCC_541\Debug\StripLights_StringSel_PM.o
arm-none-eabi-gcc.exe -mcpu=cortex-m0 -mthumb -I. -IGenerated_Source\PSoC4 -Wa,-alh=.\CortexM0\ARM_GCC_541\Debug/cy_em_eeprom.lst -g -D DEBUG -D CY_CORE_ID=0 -Wall -ffunction-sections -ffat-lto-objects -Og -c Generated_Source\PSoC4\cy_em_eeprom.c -o .\CortexM0\ARM_GCC_541\Debug\cy_em_eeprom.o
arm-none-eabi-gcc.exe -mcpu=cortex-m0 -mthumb -I. -IGenerated_Source\PSoC4 -Wa,-alh=.\CortexM0\ARM_GCC_541\Debug/Cm0Start.lst -g -D DEBUG -D CY_CORE_ID=0 -Wall -ffunction-sections -ffat-lto-objects -Og -c Generated_Source\PSoC4\Cm0Start.c -o .\CortexM0\ARM_GCC_541\Debug\Cm0Start.o
arm-none-eabi-gcc.exe -mcpu=cortex-m0 -mthumb -I. -IGenerated_Source\PSoC4 -Wa,-alh=.\CortexM0\ARM_GCC_541\Debug/CyFlash.lst -g -D DEBUG -D CY_CORE_ID=0 -Wall -ffunction-sections -ffat-lto-objects -Og -c Generated_Source\PSoC4\CyFlash.c -o .\CortexM0\ARM_GCC_541\Debug\CyFlash.o
arm-none-eabi-gcc.exe -mcpu=cortex-m0 -mthumb -I. -IGenerated_Source\PSoC4 -Wa,-alh=.\CortexM0\ARM_GCC_541\Debug/CyLib.lst -g -D DEBUG -D CY_CORE_ID=0 -Wall -ffunction-sections -ffat-lto-objects -Og -c Generated_Source\PSoC4\CyLib.c -o .\CortexM0\ARM_GCC_541\Debug\CyLib.o
arm-none-eabi-gcc.exe -mcpu=cortex-m0 -mthumb -I. -IGenerated_Source\PSoC4 -Wa,-alh=.\CortexM0\ARM_GCC_541\Debug/cyPm.lst -g -D DEBUG -D CY_CORE_ID=0 -Wall -ffunction-sections -ffat-lto-objects -Og -c Generated_Source\PSoC4\cyPm.c -o .\CortexM0\ARM_GCC_541\Debug\cyPm.o
arm-none-eabi-gcc.exe -mcpu=cortex-m0 -mthumb -I. -IGenerated_Source\PSoC4 -Wa,-alh=.\CortexM0\ARM_GCC_541\Debug/cyutils.lst -g -D DEBUG -D CY_CORE_ID=0 -Wall -ffunction-sections -ffat-lto-objects -Og -c Generated_Source\PSoC4\cyutils.c -o .\CortexM0\ARM_GCC_541\Debug\cyutils.o
arm-none-eabi-gcc.exe -mcpu=cortex-m0 -mthumb -I. -IGenerated_Source\PSoC4 -Wa,-alh=.\CortexM0\ARM_GCC_541\Debug/CyLFClk.lst -g -D DEBUG -D CY_CORE_ID=0 -Wall -ffunction-sections -ffat-lto-objects -Og -c Generated_Source\PSoC4\CyLFClk.c -o .\CortexM0\ARM_GCC_541\Debug\CyLFClk.o
arm-none-eabi-gcc.exe -mcpu=cortex-m0 -mthumb -I. -IGenerated_Source\PSoC4 -Wa,-alh=.\CortexM0\ARM_GCC_541\Debug/StripLights_Clock_1.lst -g -D DEBUG -D CY_CORE_ID=0 -Wall -ffunction-sections -ffat-lto-objects -Og -c Generated_Source\PSoC4\StripLights_Clock_1.c -o .\CortexM0\ARM_GCC_541\Debug\StripLights_Clock_1.o
arm-none-eabi-gcc.exe -mcpu=cortex-m0 -mthumb -I. -IGenerated_Source\PSoC4 -Wa,-alh=.\CortexM0\ARM_GCC_541\Debug/UART_DEB.lst -g -D DEBUG -D CY_CORE_ID=0 -Wall -ffunction-sections -ffat-lto-objects -Og -c Generated_Source\PSoC4\UART_DEB.c -o .\CortexM0\ARM_GCC_541\Debug\UART_DEB.o
arm-none-eabi-gcc.exe -mcpu=cortex-m0 -mthumb -I. -IGenerated_Source\PSoC4 -Wa,-alh=.\CortexM0\ARM_GCC_541\Debug/UART_DEB_SPI_UART.lst -g -D DEBUG -D CY_CORE_ID=0 -Wall -ffunction-sections -ffat-lto-objects -Og -c Generated_Source\PSoC4\UART_DEB_SPI_UART.c -o .\CortexM0\ARM_GCC_541\Debug\UART_DEB_SPI_UART.o
arm-none-eabi-gcc.exe -mcpu=cortex-m0 -mthumb -I. -IGenerated_Source\PSoC4 -Wa,-alh=.\CortexM0\ARM_GCC_541\Debug/UART_DEB_SPI_UART_INT.lst -g -D DEBUG -D CY_CORE_ID=0 -Wall -ffunction-sections -ffat-lto-objects -Og -c Generated_Source\PSoC4\UART_DEB_SPI_UART_INT.c -o .\CortexM0\ARM_GCC_541\Debug\UART_DEB_SPI_UART_INT.o
arm-none-eabi-gcc.exe -mcpu=cortex-m0 -mthumb -I. -IGenerated_Source\PSoC4 -Wa,-alh=.\CortexM0\ARM_GCC_541\Debug/UART_DEB_PM.lst -g -D DEBUG -D CY_CORE_ID=0 -Wall -ffunction-sections -ffat-lto-objects -Og -c Generated_Source\PSoC4\UART_DEB_PM.c -o .\CortexM0\ARM_GCC_541\Debug\UART_DEB_PM.o
arm-none-eabi-gcc.exe -mcpu=cortex-m0 -mthumb -I. -IGenerated_Source\PSoC4 -Wa,-alh=.\CortexM0\ARM_GCC_541\Debug/UART_DEB_UART.lst -g -D DEBUG -D CY_CORE_ID=0 -Wall -ffunction-sections -ffat-lto-objects -Og -c Generated_Source\PSoC4\UART_DEB_UART.c -o .\CortexM0\ARM_GCC_541\Debug\UART_DEB_UART.o
arm-none-eabi-gcc.exe -mcpu=cortex-m0 -mthumb -I. -IGenerated_Source\PSoC4 -Wa,-alh=.\CortexM0\ARM_GCC_541\Debug/UART_DEB_BOOT.lst -g -D DEBUG -D CY_CORE_ID=0 -Wall -ffunction-sections -ffat-lto-objects -Og -c Generated_Source\PSoC4\UART_DEB_BOOT.c -o .\CortexM0\ARM_GCC_541\Debug\UART_DEB_BOOT.o
arm-none-eabi-gcc.exe -mcpu=cortex-m0 -mthumb -I. -IGenerated_Source\PSoC4 -Wa,-alh=.\CortexM0\ARM_GCC_541\Debug/UART_DEB_UART_BOOT.lst -g -D DEBUG -D CY_CORE_ID=0 -Wall -ffunction-sections -ffat-lto-objects -Og -c Generated_Source\PSoC4\UART_DEB_UART_BOOT.c -o .\CortexM0\ARM_GCC_541\Debug\UART_DEB_UART_BOOT.o
arm-none-eabi-gcc.exe -mcpu=cortex-m0 -mthumb -I. -IGenerated_Source\PSoC4 -Wa,-alh=.\CortexM0\ARM_GCC_541\Debug/isr_UART_RX.lst -g -D DEBUG -D CY_CORE_ID=0 -Wall -ffunction-sections -ffat-lto-objects -Og -c Generated_Source\PSoC4\isr_UART_RX.c -o .\CortexM0\ARM_GCC_541\Debug\isr_UART_RX.o
arm-none-eabi-gcc.exe -mcpu=cortex-m0 -mthumb -I. -IGenerated_Source\PSoC4 -Wa,-alh=.\CortexM0\ARM_GCC_541\Debug/UART_DEB_SCBCLK.lst -g -D DEBUG -D CY_CORE_ID=0 -Wall -ffunction-sections -ffat-lto-objects -Og -c Generated_Source\PSoC4\UART_DEB_SCBCLK.c -o .\CortexM0\ARM_GCC_541\Debug\UART_DEB_SCBCLK.o
arm-none-eabi-gcc.exe -mcpu=cortex-m0 -mthumb -I. -IGenerated_Source\PSoC4 -Wa,-alh=.\CortexM0\ARM_GCC_541\Debug/UART_DEB_tx.lst -g -D DEBUG -D CY_CORE_ID=0 -Wall -ffunction-sections -ffat-lto-objects -Og -c Generated_Source\PSoC4\UART_DEB_tx.c -o .\CortexM0\ARM_GCC_541\Debug\UART_DEB_tx.o
arm-none-eabi-gcc.exe -mcpu=cortex-m0 -mthumb -I. -IGenerated_Source\PSoC4 -Wa,-alh=.\CortexM0\ARM_GCC_541\Debug/UART_DEB_tx_PM.lst -g -D DEBUG -D CY_CORE_ID=0 -Wall -ffunction-sections -ffat-lto-objects -Og -c Generated_Source\PSoC4\UART_DEB_tx_PM.c -o .\CortexM0\ARM_GCC_541\Debug\UART_DEB_tx_PM.o
arm-none-eabi-gcc.exe -mcpu=cortex-m0 -mthumb -I. -IGenerated_Source\PSoC4 -Wa,-alh=.\CortexM0\ARM_GCC_541\Debug/UART_DEB_rx.lst -g -D DEBUG -D CY_CORE_ID=0 -Wall -ffunction-sections -ffat-lto-objects -Og -c Generated_Source\PSoC4\UART_DEB_rx.c -o .\CortexM0\ARM_GCC_541\Debug\UART_DEB_rx.o
arm-none-eabi-gcc.exe -mcpu=cortex-m0 -mthumb -I. -IGenerated_Source\PSoC4 -Wa,-alh=.\CortexM0\ARM_GCC_541\Debug/UART_DEB_rx_PM.lst -g -D DEBUG -D CY_CORE_ID=0 -Wall -ffunction-sections -ffat-lto-objects -Og -c Generated_Source\PSoC4\UART_DEB_rx_PM.c -o .\CortexM0\ARM_GCC_541\Debug\UART_DEB_rx_PM.o
arm-none-eabi-gcc.exe -mcpu=cortex-m0 -mthumb -I. -IGenerated_Source\PSoC4 -Wa,-alh=.\CortexM0\ARM_GCC_541\Debug/S1.lst -g -D DEBUG -D CY_CORE_ID=0 -Wall -ffunction-sections -ffat-lto-objects -Og -c Generated_Source\PSoC4\S1.c -o .\CortexM0\ARM_GCC_541\Debug\S1.o
arm-none-eabi-gcc.exe -mcpu=cortex-m0 -mthumb -I. -IGenerated_Source\PSoC4 -Wa,-alh=.\CortexM0\ARM_GCC_541\Debug/S1_PM.lst -g -D DEBUG -D CY_CORE_ID=0 -Wall -ffunction-sections -ffat-lto-objects -Og -c Generated_Source\PSoC4\S1_PM.c -o .\CortexM0\ARM_GCC_541\Debug\S1_PM.o
arm-none-eabi-as.exe -mcpu=cortex-m0 -mthumb -I. -IGenerated_Source\PSoC4 -alh=.\CortexM0\ARM_GCC_541\Debug/CyBootAsmGnu.lst -g -W -o .\CortexM0\ARM_GCC_541\Debug\CyBootAsmGnu.o Generated_Source\PSoC4\CyBootAsmGnu.s
arm-none-eabi-ar.exe -rs .\CortexM0\ARM_GCC_541\Debug\E18demo.a .\CortexM0\ARM_GCC_541\Debug\StripLights.o .\CortexM0\ARM_GCC_541\Debug\StripLights_fonts.o .\CortexM0\ARM_GCC_541\Debug\S0.o .\CortexM0\ARM_GCC_541\Debug\S0_PM.o .\CortexM0\ARM_GCC_541\Debug\SW1.o .\CortexM0\ARM_GCC_541\Debug\SW1_PM.o .\CortexM0\ARM_GCC_541\Debug\StripLights_cisr.o .\CortexM0\ARM_GCC_541\Debug\StripLights_fisr.o .\CortexM0\ARM_GCC_541\Debug\StripLights_StringSel.o .\CortexM0\ARM_GCC_541\Debug\StripLights_StringSel_PM.o .\CortexM0\ARM_GCC_541\Debug\cy_em_eeprom.o .\CortexM0\ARM_GCC_541\Debug\CyFlash.o .\CortexM0\ARM_GCC_541\Debug\CyLib.o .\CortexM0\ARM_GCC_541\Debug\cyPm.o .\CortexM0\ARM_GCC_541\Debug\cyutils.o .\CortexM0\ARM_GCC_541\Debug\CyLFClk.o .\CortexM0\ARM_GCC_541\Debug\StripLights_Clock_1.o .\CortexM0\ARM_GCC_541\Debug\UART_DEB.o .\CortexM0\ARM_GCC_541\Debug\UART_DEB_SPI_UART.o .\CortexM0\ARM_GCC_541\Debug\UART_DEB_SPI_UART_INT.o .\CortexM0\ARM_GCC_541\Debug\UART_DEB_PM.o .\CortexM0\ARM_GCC_541\Debug\UART_DEB_UART.o .\CortexM0\ARM_GCC_541\Debug\UART_DEB_BOOT.o .\CortexM0\ARM_GCC_541\Debug\UART_DEB_UART_BOOT.o .\CortexM0\ARM_GCC_541\Debug\isr_UART_RX.o .\CortexM0\ARM_GCC_541\Debug\UART_DEB_SCBCLK.o .\CortexM0\ARM_GCC_541\Debug\UART_DEB_tx.o .\CortexM0\ARM_GCC_541\Debug\UART_DEB_tx_PM.o .\CortexM0\ARM_GCC_541\Debug\UART_DEB_rx.o .\CortexM0\ARM_GCC_541\Debug\UART_DEB_rx_PM.o .\CortexM0\ARM_GCC_541\Debug\S1.o .\CortexM0\ARM_GCC_541\Debug\S1_PM.o .\CortexM0\ARM_GCC_541\Debug\CyBootAsmGnu.o
arm-none-eabi-ar.exe: creating .\CortexM0\ARM_GCC_541\Debug\E18demo.a
arm-none-eabi-gcc.exe -Wl,--start-group -o C:\Users\kmwh\Documents\electronica-demo\FunWithLEDs\FunWithLEDs\E18demo.cydsn\CortexM0\ARM_GCC_541\Debug\E18demo.elf .\CortexM0\ARM_GCC_541\Debug\main.o .\CortexM0\ARM_GCC_541\Debug\cyfitter_cfg.o .\CortexM0\ARM_GCC_541\Debug\cymetadata.o .\CortexM0\ARM_GCC_541\Debug\Cm0Start.o .\CortexM0\ARM_GCC_541\Debug\E18demo.a -mcpu=cortex-m0 -mthumb -L Generated_Source\PSoC4 -Wl,-Map,.\CortexM0\ARM_GCC_541\Debug/E18demo.map -T Generated_Source\PSoC4\cm0gcc.ld -specs=nano.specs -Wl,--gc-sections -g -ffunction-sections -Og -ffat-lto-objects -Wl,--end-group
cyelftool.exe -C C:\Users\kmwh\Documents\electronica-demo\FunWithLEDs\FunWithLEDs\E18demo.cydsn\CortexM0\ARM_GCC_541\Debug\E18demo.elf --flash_row_size 128 --flash_size 131072 --flash_offset 0x00000000
No ELF section .cychecksum found, creating one
Application checksum calculated and stored in ELF section .cychecksum
Checksum calculated and stored in ELF section .cymeta
cyelftool.exe -S C:\Users\kmwh\Documents\electronica-demo\FunWithLEDs\FunWithLEDs\E18demo.cydsn\CortexM0\ARM_GCC_541\Debug\E18demo.elf
Flash used: 5974 of 131072 bytes (4.6%).
SRAM used: 2896 of 16384 bytes (17.7%). Stack: 1024 bytes. Heap: 128 bytes.
--------------- Rebuild Succeeded: 10/10/2018 11:10:48 ---------------
